# JRE version: Java(TM) SE Runtime Environment (7.0_80-b15) (build 1.7.0_80-b15)
# Java VM: Java HotSpot(TM) 64-Bit Server VM (24.80-b11 mixed mode linux-amd64 compressed oops)
Heap
 PSYoungGen      total 293888K, used 24018K [0x00000000eaa80000, 0x0000000100000000, 0x0000000100000000)
  eden space 237056K, 0% used [0x00000000eaa80000,0x00000000eaa80000,0x00000000f9200000)
  from space 56832K, 42% used [0x00000000fc880000,0x00000000fdff4980,0x0000000100000000)
  to   space 55808K, 0% used [0x00000000f9200000,0x00000000f9200000,0x00000000fc880000)
 ParOldGen       total 699392K, used 677815K [0x00000000bff80000, 0x00000000eaa80000, 0x00000000eaa80000)
  object space 699392K, 96% used [0x00000000bff80000,0x00000000e956dc60,0x00000000eaa80000)
 PSPermGen       total 347648K, used 347273K [0x000000009ff80000, 0x00000000b5300000, 0x00000000bff80000)
  object space 347648K, 99% used [0x000000009ff80000,0x00000000b52a2588,0x00000000b5300000)
GC Heap History (10 events):
Event: 175,580 GC heap after
Heap after GC invocations=38 (full 0):
 PSYoungGen      total 291840K, used 42816K [0x00000000eaa80000, 0x0000000100000000, 0x0000000100000000)
  eden space 240128K, 0% used [0x00000000eaa80000,0x00000000eaa80000,0x00000000f9500000)
  from space 51712K, 82% used [0x00000000fcd80000,0x00000000ff750030,0x0000000100000000)
  to   space 54784K, 0% used [0x00000000f9500000,0x00000000f9500000,0x00000000fca80000)
 ParOldGen       total 699392K, used 521325K [0x00000000bff80000, 0x00000000eaa80000, 0x00000000eaa80000)
  object space 699392K, 74% used [0x00000000bff80000,0x00000000dfc9b7a8,0x00000000eaa80000)
 PSPermGen       total 341504K, used 341502K [0x000000009ff80000, 0x00000000b4d00000, 0x00000000bff80000)
  object space 341504K, 99% used [0x000000009ff80000,0x00000000b4cffa78,0x00000000b4d00000)
}
Event: 179,057 GC heap before
{Heap before GC invocations=39 (full 0):
 PSYoungGen      total 291840K, used 282944K [0x00000000eaa80000, 0x0000000100000000, 0x0000000100000000)
  eden space 240128K, 100% used [0x00000000eaa80000,0x00000000f9500000,0x00000000f9500000)
  from space 51712K, 82% used [0x00000000fcd80000,0x00000000ff750030,0x0000000100000000)
  to   space 54784K, 0% used [0x00000000f9500000,0x00000000f9500000,0x00000000fca80000)
 ParOldGen       total 699392K, used 521325K [0x00000000bff80000, 0x00000000eaa80000, 0x00000000eaa80000)
  object space 699392K, 74% used [0x00000000bff80000,0x00000000dfc9b7a8,0x00000000eaa80000)
 PSPermGen       total 342016K, used 341541K [0x000000009ff80000, 0x00000000b4d80000, 0x00000000bff80000)
  object space 342016K, 99% used [0x000000009ff80000,0x00000000b4d09410,0x00000000b4d80000)
Event: 179,120 GC heap after
Heap after GC invocations=39 (full 0):
 PSYoungGen      total 280576K, used 40321K [0x00000000eaa80000, 0x0000000100000000, 0x0000000100000000)
  eden space 240128K, 0% used [0x00000000eaa80000,0x00000000eaa80000,0x00000000f9500000)
  from space 40448K, 99% used [0x00000000f9500000,0x00000000fbc605d0,0x00000000fbc80000)
  to   space 56320K, 0% used [0x00000000fc900000,0x00000000fc900000,0x0000000100000000)
 ParOldGen       total 699392K, used 564480K [0x00000000bff80000, 0x00000000eaa80000, 0x00000000eaa80000)
  object space 699392K, 80% used [0x00000000bff80000,0x00000000e26c02b8,0x00000000eaa80000)
 PSPermGen       total 342016K, used 341541K [0x000000009ff80000, 0x00000000b4d80000, 0x00000000bff80000)
  object space 342016K, 99% used [0x000000009ff80000,0x00000000b4d09410,0x00000000b4d80000)
}
Event: 180,759 GC heap before
{Heap before GC invocations=40 (full 0):
 PSYoungGen      total 280576K, used 280449K [0x00000000eaa80000, 0x0000000100000000, 0x0000000100000000)
  eden space 240128K, 100% used [0x00000000eaa80000,0x00000000f9500000,0x00000000f9500000)
  from space 40448K, 99% used [0x00000000f9500000,0x00000000fbc605d0,0x00000000fbc80000)
  to   space 56320K, 0% used [0x00000000fc900000,0x00000000fc900000,0x0000000100000000)
 ParOldGen       total 699392K, used 564480K [0x00000000bff80000, 0x00000000eaa80000, 0x00000000eaa80000)
  object space 699392K, 80% used [0x00000000bff80000,0x00000000e26c02b8,0x00000000eaa80000)
 PSPermGen       total 342016K, used 341640K [0x000000009ff80000, 0x00000000b4d80000, 0x00000000bff80000)
  object space 342016K, 99% used [0x000000009ff80000,0x00000000b4d220d0,0x00000000b4d80000)
Event: 180,804 GC heap after
Heap after GC invocations=40 (full 0):
 PSYoungGen      total 292352K, used 39803K [0x00000000eaa80000, 0x0000000100000000, 0x0000000100000000)
  eden space 236032K, 0% used [0x00000000eaa80000,0x00000000eaa80000,0x00000000f9100000)
  from space 56320K, 70% used [0x00000000fc900000,0x00000000fefdeca0,0x0000000100000000)
  to   space 56832K, 0% used [0x00000000f9100000,0x00000000f9100000,0x00000000fc880000)
 ParOldGen       total 699392K, used 603448K [0x00000000bff80000, 0x00000000eaa80000, 0x00000000eaa80000)
  object space 699392K, 86% used [0x00000000bff80000,0x00000000e4cce200,0x00000000eaa80000)
 PSPermGen       total 342016K, used 341640K [0x000000009ff80000, 0x00000000b4d80000, 0x00000000bff80000)
  object space 342016K, 99% used [0x000000009ff80000,0x00000000b4d220d0,0x00000000b4d80000)
}
Event: 182,938 GC heap before
{Heap before GC invocations=41 (full 0):
 PSYoungGen      total 292352K, used 275835K [0x00000000eaa80000, 0x0000000100000000, 0x0000000100000000)
  eden space 236032K, 100% used [0x00000000eaa80000,0x00000000f9100000,0x00000000f9100000)
  from space 56320K, 70% used [0x00000000fc900000,0x00000000fefdeca0,0x0000000100000000)
  to   space 56832K, 0% used [0x00000000f9100000,0x00000000f9100000,0x00000000fc880000)
 ParOldGen       total 699392K, used 603448K [0x00000000bff80000, 0x00000000eaa80000, 0x00000000eaa80000)
  object space 699392K, 86% used [0x00000000bff80000,0x00000000e4cce200,0x00000000eaa80000)
 PSPermGen       total 342016K, used 341650K [0x000000009ff80000, 0x00000000b4d80000, 0x00000000bff80000)
  object space 342016K, 99% used [0x000000009ff80000,0x00000000b4d24ba8,0x00000000b4d80000)
Event: 182,977 GC heap after
Heap after GC invocations=41 (full 0):
 PSYoungGen      total 292864K, used 38013K [0x00000000eaa80000, 0x0000000100000000, 0x0000000100000000)
  eden space 236032K, 0% used [0x00000000eaa80000,0x00000000eaa80000,0x00000000f9100000)
  from space 56832K, 66% used [0x00000000f9100000,0x00000000fb61f6e0,0x00000000fc880000)
  to   space 56832K, 0% used [0x00000000fc880000,0x00000000fc880000,0x0000000100000000)
 ParOldGen       total 699392K, used 642009K [0x00000000bff80000, 0x00000000eaa80000, 0x00000000eaa80000)
  object space 699392K, 91% used [0x00000000bff80000,0x00000000e7276650,0x00000000eaa80000)
 PSPermGen       total 342016K, used 341650K [0x000000009ff80000, 0x00000000b4d80000, 0x00000000bff80000)
  object space 342016K, 99% used [0x000000009ff80000,0x00000000b4d24ba8,0x00000000b4d80000)
}
Event: 235,233 GC heap before
{Heap before GC invocations=42 (full 0):
 PSYoungGen      total 292864K, used 274045K [0x00000000eaa80000, 0x0000000100000000, 0x0000000100000000)
  eden space 236032K, 100% used [0x00000000eaa80000,0x00000000f9100000,0x00000000f9100000)
  from space 56832K, 66% used [0x00000000f9100000,0x00000000fb61f6e0,0x00000000fc880000)
  to   space 56832K, 0% used [0x00000000fc880000,0x00000000fc880000,0x0000000100000000)
 ParOldGen       total 699392K, used 642009K [0x00000000bff80000, 0x00000000eaa80000, 0x00000000eaa80000)
  object space 699392K, 91% used [0x00000000bff80000,0x00000000e7276650,0x00000000eaa80000)
 PSPermGen       total 347648K, used 347273K [0x000000009ff80000, 0x00000000b5300000, 0x00000000bff80000)
  object space 347648K, 99% used [0x000000009ff80000,0x00000000b52a2588,0x00000000b5300000)
Event: 235,314 GC heap after
Heap after GC invocations=42 (full 0):
 PSYoungGen      total 293888K, used 24018K [0x00000000eaa80000, 0x0000000100000000, 0x0000000100000000)
  eden space 237056K, 0% used [0x00000000eaa80000,0x00000000eaa80000,0x00000000f9200000)
  from space 56832K, 42% used [0x00000000fc880000,0x00000000fdff4980,0x0000000100000000)
  to   space 55808K, 0% used [0x00000000f9200000,0x00000000f9200000,0x00000000fc880000)
 ParOldGen       total 699392K, used 677815K [0x00000000bff80000, 0x00000000eaa80000, 0x00000000eaa80000)
  object space 699392K, 96% used [0x00000000bff80000,0x00000000e956dc60,0x00000000eaa80000)
 PSPermGen       total 347648K, used 347273K [0x000000009ff80000, 0x00000000b5300000, 0x00000000bff80000)
  object space 347648K, 99% used [0x000000009ff80000,0x00000000b52a2588,0x00000000b5300000)
}
Event: 235,314 GC heap before
{Heap before GC invocations=43 (full 1):
 PSYoungGen      total 293888K, used 24018K [0x00000000eaa80000, 0x0000000100000000, 0x0000000100000000)
  eden space 237056K, 0% used [0x00000000eaa80000,0x00000000eaa80000,0x00000000f9200000)
  from space 56832K, 42% used [0x00000000fc880000,0x00000000fdff4980,0x0000000100000000)
  to   space 55808K, 0% used [0x00000000f9200000,0x00000000f9200000,0x00000000fc880000)
 ParOldGen       total 699392K, used 677815K [0x00000000bff80000, 0x00000000eaa80000, 0x00000000eaa80000)
  object space 699392K, 96% used [0x00000000bff80000,0x00000000e956dc60,0x00000000eaa80000)
 PSPermGen       total 347648K, used 347273K [0x000000009ff80000, 0x00000000b5300000, 0x00000000bff80000)
  object space 347648K, 99% used [0x000000009ff80000,0x00000000b52a2588,0x00000000b5300000)

