# JRE version: Java(TM) SE Runtime Environment (7.0_80-b15) (build 1.7.0_80-b15)
# Java VM: Java HotSpot(TM) 64-Bit Server VM (24.80-b11 mixed mode linux-amd64 compressed oops)
Heap
 PSYoungGen      total 297472K, used 284896K [0x00000000eaa80000, 0x0000000100000000, 0x0000000100000000)
  eden space 247296K, 100% used [0x00000000eaa80000,0x00000000f9c00000,0x00000000f9c00000)
  from space 50176K, 74% used [0x00000000fcf00000,0x00000000ff3b8010,0x0000000100000000)
  to   space 51200K, 55% used [0x00000000f9c00000,0x00000000fb7c8000,0x00000000fce00000)
 ParOldGen       total 699392K, used 389761K [0x00000000bff80000, 0x00000000eaa80000, 0x00000000eaa80000)
  object space 699392K, 55% used [0x00000000bff80000,0x00000000d7c205d0,0x00000000eaa80000)
 PSPermGen       total 325632K, used 325436K [0x000000009ff80000, 0x00000000b3d80000, 0x00000000bff80000)
  object space 325632K, 99% used [0x000000009ff80000,0x00000000b3d4f3c0,0x00000000b3d80000)
GC Heap History (10 events):
Event: 33,675 GC heap after
Heap after GC invocations=30 (full 0):
 PSYoungGen      total 300032K, used 15062K [0x00000000eaa80000, 0x0000000100000000, 0x0000000100000000)
  eden space 252416K, 0% used [0x00000000eaa80000,0x00000000eaa80000,0x00000000fa100000)
  from space 47616K, 31% used [0x00000000fd180000,0x00000000fe035878,0x0000000100000000)
  to   space 48640K, 0% used [0x00000000fa100000,0x00000000fa100000,0x00000000fd080000)
 ParOldGen       total 699392K, used 284961K [0x00000000bff80000, 0x00000000eaa80000, 0x00000000eaa80000)
  object space 699392K, 40% used [0x00000000bff80000,0x00000000d15c8410,0x00000000eaa80000)
 PSPermGen       total 317952K, used 317626K [0x000000009ff80000, 0x00000000b3600000, 0x00000000bff80000)
  object space 317952K, 99% used [0x000000009ff80000,0x00000000b35aea48,0x00000000b3600000)
}
Event: 34,594 GC heap before
{Heap before GC invocations=31 (full 0):
 PSYoungGen      total 300032K, used 267478K [0x00000000eaa80000, 0x0000000100000000, 0x0000000100000000)
  eden space 252416K, 100% used [0x00000000eaa80000,0x00000000fa100000,0x00000000fa100000)
  from space 47616K, 31% used [0x00000000fd180000,0x00000000fe035878,0x0000000100000000)
  to   space 48640K, 0% used [0x00000000fa100000,0x00000000fa100000,0x00000000fd080000)
 ParOldGen       total 699392K, used 284961K [0x00000000bff80000, 0x00000000eaa80000, 0x00000000eaa80000)
  object space 699392K, 40% used [0x00000000bff80000,0x00000000d15c8410,0x00000000eaa80000)
 PSPermGen       total 321024K, used 320516K [0x000000009ff80000, 0x00000000b3900000, 0x00000000bff80000)
  object space 321024K, 99% used [0x000000009ff80000,0x00000000b3881020,0x00000000b3900000)
Event: 34,672 GC heap after
Heap after GC invocations=31 (full 0):
 PSYoungGen      total 269312K, used 16589K [0x00000000eaa80000, 0x0000000100000000, 0x0000000100000000)
  eden space 252416K, 0% used [0x00000000eaa80000,0x00000000eaa80000,0x00000000fa100000)
  from space 16896K, 98% used [0x00000000fa100000,0x00000000fb133638,0x00000000fb180000)
  to   space 49152K, 0% used [0x00000000fd000000,0x00000000fd000000,0x0000000100000000)
 ParOldGen       total 699392K, used 290295K [0x00000000bff80000, 0x00000000eaa80000, 0x00000000eaa80000)
  object space 699392K, 41% used [0x00000000bff80000,0x00000000d1afdfa8,0x00000000eaa80000)
 PSPermGen       total 321024K, used 320516K [0x000000009ff80000, 0x00000000b3900000, 0x00000000bff80000)
  object space 321024K, 99% used [0x000000009ff80000,0x00000000b3881020,0x00000000b3900000)
}
Event: 35,990 GC heap before
{Heap before GC invocations=32 (full 0):
 PSYoungGen      total 269312K, used 269005K [0x00000000eaa80000, 0x0000000100000000, 0x0000000100000000)
  eden space 252416K, 100% used [0x00000000eaa80000,0x00000000fa100000,0x00000000fa100000)
  from space 16896K, 98% used [0x00000000fa100000,0x00000000fb133638,0x00000000fb180000)
  to   space 49152K, 0% used [0x00000000fd000000,0x00000000fd000000,0x0000000100000000)
 ParOldGen       total 699392K, used 290295K [0x00000000bff80000, 0x00000000eaa80000, 0x00000000eaa80000)
  object space 699392K, 41% used [0x00000000bff80000,0x00000000d1afdfa8,0x00000000eaa80000)
 PSPermGen       total 322048K, used 321806K [0x000000009ff80000, 0x00000000b3a00000, 0x00000000bff80000)
  object space 322048K, 99% used [0x000000009ff80000,0x00000000b39c39a0,0x00000000b3a00000)
Event: 36,054 GC heap after
Heap after GC invocations=32 (full 0):
 PSYoungGen      total 301568K, used 20256K [0x00000000eaa80000, 0x0000000100000000, 0x0000000100000000)
  eden space 252416K, 0% used [0x00000000eaa80000,0x00000000eaa80000,0x00000000fa100000)
  from space 49152K, 41% used [0x00000000fd000000,0x00000000fe3c8130,0x0000000100000000)
  to   space 48128K, 0% used [0x00000000fa100000,0x00000000fa100000,0x00000000fd000000)
 ParOldGen       total 699392K, used 301613K [0x00000000bff80000, 0x00000000eaa80000, 0x00000000eaa80000)
  object space 699392K, 43% used [0x00000000bff80000,0x00000000d260b580,0x00000000eaa80000)
 PSPermGen       total 322048K, used 321806K [0x000000009ff80000, 0x00000000b3a00000, 0x00000000bff80000)
  object space 322048K, 99% used [0x000000009ff80000,0x00000000b39c39a0,0x00000000b3a00000)
}
Event: 37,687 GC heap before
{Heap before GC invocations=33 (full 0):
 PSYoungGen      total 301568K, used 272672K [0x00000000eaa80000, 0x0000000100000000, 0x0000000100000000)
  eden space 252416K, 100% used [0x00000000eaa80000,0x00000000fa100000,0x00000000fa100000)
  from space 49152K, 41% used [0x00000000fd000000,0x00000000fe3c8130,0x0000000100000000)
  to   space 48128K, 0% used [0x00000000fa100000,0x00000000fa100000,0x00000000fd000000)
 ParOldGen       total 699392K, used 301613K [0x00000000bff80000, 0x00000000eaa80000, 0x00000000eaa80000)
  object space 699392K, 43% used [0x00000000bff80000,0x00000000d260b580,0x00000000eaa80000)
 PSPermGen       total 323072K, used 322807K [0x000000009ff80000, 0x00000000b3b00000, 0x00000000bff80000)
  object space 323072K, 99% used [0x000000009ff80000,0x00000000b3abdfb0,0x00000000b3b00000)
Event: 37,755 GC heap after
Heap after GC invocations=33 (full 0):
 PSYoungGen      total 290304K, used 37728K [0x00000000eaa80000, 0x0000000100000000, 0x0000000100000000)
  eden space 252416K, 0% used [0x00000000eaa80000,0x00000000eaa80000,0x00000000fa100000)
  from space 37888K, 99% used [0x00000000fa100000,0x00000000fc5d8020,0x00000000fc600000)
  to   space 50176K, 0% used [0x00000000fcf00000,0x00000000fcf00000,0x0000000100000000)
 ParOldGen       total 699392K, used 319291K [0x00000000bff80000, 0x00000000eaa80000, 0x00000000eaa80000)
  object space 699392K, 45% used [0x00000000bff80000,0x00000000d374ede0,0x00000000eaa80000)
 PSPermGen       total 323072K, used 322807K [0x000000009ff80000, 0x00000000b3b00000, 0x00000000bff80000)
  object space 323072K, 99% used [0x000000009ff80000,0x00000000b3abdfb0,0x00000000b3b00000)
}
Event: 39,203 GC heap before
{Heap before GC invocations=34 (full 0):
 PSYoungGen      total 290304K, used 290144K [0x00000000eaa80000, 0x0000000100000000, 0x0000000100000000)
  eden space 252416K, 100% used [0x00000000eaa80000,0x00000000fa100000,0x00000000fa100000)
  from space 37888K, 99% used [0x00000000fa100000,0x00000000fc5d8020,0x00000000fc600000)
  to   space 50176K, 0% used [0x00000000fcf00000,0x00000000fcf00000,0x0000000100000000)
 ParOldGen       total 699392K, used 319291K [0x00000000bff80000, 0x00000000eaa80000, 0x00000000eaa80000)
  object space 699392K, 45% used [0x00000000bff80000,0x00000000d374ede0,0x00000000eaa80000)
 PSPermGen       total 323584K, used 323117K [0x000000009ff80000, 0x00000000b3b80000, 0x00000000bff80000)
  object space 323584K, 99% used [0x000000009ff80000,0x00000000b3b0b608,0x00000000b3b80000)
Event: 39,290 GC heap after
Heap after GC invocations=34 (full 0):
 PSYoungGen      total 297472K, used 37600K [0x00000000eaa80000, 0x0000000100000000, 0x0000000100000000)
  eden space 247296K, 0% used [0x00000000eaa80000,0x00000000eaa80000,0x00000000f9c00000)
  from space 50176K, 74% used [0x00000000fcf00000,0x00000000ff3b8010,0x0000000100000000)
  to   space 51200K, 0% used [0x00000000f9c00000,0x00000000f9c00000,0x00000000fce00000)
 ParOldGen       total 699392K, used 355351K [0x00000000bff80000, 0x00000000eaa80000, 0x00000000eaa80000)
  object space 699392K, 50% used [0x00000000bff80000,0x00000000d5a85cf0,0x00000000eaa80000)
 PSPermGen       total 323584K, used 323117K [0x000000009ff80000, 0x00000000b3b80000, 0x00000000bff80000)
  object space 323584K, 99% used [0x000000009ff80000,0x00000000b3b0b608,0x00000000b3b80000)
}
Event: 42,771 GC heap before
{Heap before GC invocations=35 (full 0):
 PSYoungGen      total 297472K, used 284896K [0x00000000eaa80000, 0x0000000100000000, 0x0000000100000000)
  eden space 247296K, 100% used [0x00000000eaa80000,0x00000000f9c00000,0x00000000f9c00000)
  from space 50176K, 74% used [0x00000000fcf00000,0x00000000ff3b8010,0x0000000100000000)
  to   space 51200K, 0% used [0x00000000f9c00000,0x00000000f9c00000,0x00000000fce00000)
 ParOldGen       total 699392K, used 355351K [0x00000000bff80000, 0x00000000eaa80000, 0x00000000eaa80000)
  object space 699392K, 50% used [0x00000000bff80000,0x00000000d5a85cf0,0x00000000eaa80000)
 PSPermGen       total 325632K, used 325436K [0x000000009ff80000, 0x00000000b3d80000, 0x00000000bff80000)
  object space 325632K, 99% used [0x000000009ff80000,0x00000000b3d4f3c0,0x00000000b3d80000)

