# JRE version: Java(TM) SE Runtime Environment (7.0_80-b15) (build 1.7.0_80-b15)
# Java VM: Java HotSpot(TM) 64-Bit Server VM (24.80-b11 mixed mode linux-amd64 compressed oops)
Heap
 PSYoungGen      total 303616K, used 55929K [0x00000007eaa80000, 0x0000000800000000, 0x0000000800000000)
  eden space 259072K, 21% used [0x00000007eaa80000,0x00000007ee11e638,0x00000007fa780000)
  from space 44544K, 0% used [0x00000007fa780000,0x00000007fa780000,0x00000007fd300000)
  to   space 41984K, 0% used [0x00000007fd700000,0x00000007fd700000,0x0000000800000000)
 ParOldGen       total 699392K, used 699360K [0x00000007bff80000, 0x00000007eaa80000, 0x00000007eaa80000)
  object space 699392K, 99% used [0x00000007bff80000,0x00000007eaa78228,0x00000007eaa80000)
 PSPermGen       total 272896K, used 200732K [0x000000073ff80000, 0x0000000750a00000, 0x00000007bff80000)
  object space 272896K, 73% used [0x000000073ff80000,0x000000074c3872a8,0x0000000750a00000)
GC Heap History (10 events):
Event: 312,855 GC heap before
{Heap before GC invocations=111 (full 12):
 PSYoungGen      total 303616K, used 259072K [0x00000007eaa80000, 0x0000000800000000, 0x0000000800000000)
  eden space 259072K, 100% used [0x00000007eaa80000,0x00000007fa780000,0x00000007fa780000)
  from space 44544K, 0% used [0x00000007fa780000,0x00000007fa780000,0x00000007fd300000)
  to   space 41984K, 0% used [0x00000007fd700000,0x00000007fd700000,0x0000000800000000)
 ParOldGen       total 699392K, used 699299K [0x00000007bff80000, 0x00000007eaa80000, 0x00000007eaa80000)
  object space 699392K, 99% used [0x00000007bff80000,0x00000007eaa68da8,0x00000007eaa80000)
 PSPermGen       total 363008K, used 199733K [0x000000073ff80000, 0x0000000756200000, 0x00000007bff80000)
  object space 363008K, 55% used [0x000000073ff80000,0x000000074c28d680,0x0000000756200000)
Event: 315,765 GC heap after
Heap after GC invocations=111 (full 12):
 PSYoungGen      total 303616K, used 10530K [0x00000007eaa80000, 0x0000000800000000, 0x0000000800000000)
  eden space 259072K, 4% used [0x00000007eaa80000,0x00000007eb4c8a40,0x00000007fa780000)
  from space 44544K, 0% used [0x00000007fa780000,0x00000007fa780000,0x00000007fd300000)
  to   space 41984K, 0% used [0x00000007fd700000,0x00000007fd700000,0x0000000800000000)
 ParOldGen       total 699392K, used 699242K [0x00000007bff80000, 0x00000007eaa80000, 0x00000007eaa80000)
  object space 699392K, 99% used [0x00000007bff80000,0x00000007eaa5a8d8,0x00000007eaa80000)
 PSPermGen       total 339968K, used 199733K [0x000000073ff80000, 0x0000000754b80000, 0x00000007bff80000)
  object space 339968K, 58% used [0x000000073ff80000,0x000000074c28d640,0x0000000754b80000)
}
Event: 317,351 GC heap before
{Heap before GC invocations=112 (full 13):
 PSYoungGen      total 303616K, used 259072K [0x00000007eaa80000, 0x0000000800000000, 0x0000000800000000)
  eden space 259072K, 100% used [0x00000007eaa80000,0x00000007fa780000,0x00000007fa780000)
  from space 44544K, 0% used [0x00000007fa780000,0x00000007fa780000,0x00000007fd300000)
  to   space 41984K, 0% used [0x00000007fd700000,0x00000007fd700000,0x0000000800000000)
 ParOldGen       total 699392K, used 699242K [0x00000007bff80000, 0x00000007eaa80000, 0x00000007eaa80000)
  object space 699392K, 99% used [0x00000007bff80000,0x00000007eaa5a8d8,0x00000007eaa80000)
 PSPermGen       total 339968K, used 199737K [0x000000073ff80000, 0x0000000754b80000, 0x00000007bff80000)
  object space 339968K, 58% used [0x000000073ff80000,0x000000074c28e7f8,0x0000000754b80000)
Event: 319,685 GC heap after
Heap after GC invocations=112 (full 13):
 PSYoungGen      total 303616K, used 10619K [0x00000007eaa80000, 0x0000000800000000, 0x0000000800000000)
  eden space 259072K, 4% used [0x00000007eaa80000,0x00000007eb4def30,0x00000007fa780000)
  from space 44544K, 0% used [0x00000007fa780000,0x00000007fa780000,0x00000007fd300000)
  to   space 41984K, 0% used [0x00000007fd700000,0x00000007fd700000,0x0000000800000000)
 ParOldGen       total 699392K, used 699240K [0x00000007bff80000, 0x00000007eaa80000, 0x00000007eaa80000)
  object space 699392K, 99% used [0x00000007bff80000,0x00000007eaa5a018,0x00000007eaa80000)
 PSPermGen       total 319488K, used 199737K [0x000000073ff80000, 0x0000000753780000, 0x00000007bff80000)
  object space 319488K, 62% used [0x000000073ff80000,0x000000074c28e7f8,0x0000000753780000)
}
Event: 321,742 GC heap before
{Heap before GC invocations=113 (full 14):
 PSYoungGen      total 303616K, used 259072K [0x00000007eaa80000, 0x0000000800000000, 0x0000000800000000)
  eden space 259072K, 100% used [0x00000007eaa80000,0x00000007fa780000,0x00000007fa780000)
  from space 44544K, 0% used [0x00000007fa780000,0x00000007fa780000,0x00000007fd300000)
  to   space 41984K, 0% used [0x00000007fd700000,0x00000007fd700000,0x0000000800000000)
 ParOldGen       total 699392K, used 699240K [0x00000007bff80000, 0x00000007eaa80000, 0x00000007eaa80000)
  object space 699392K, 99% used [0x00000007bff80000,0x00000007eaa5a018,0x00000007eaa80000)
 PSPermGen       total 319488K, used 199738K [0x000000073ff80000, 0x0000000753780000, 0x00000007bff80000)
  object space 319488K, 62% used [0x000000073ff80000,0x000000074c28e818,0x0000000753780000)
Event: 325,139 GC heap after
Heap after GC invocations=113 (full 14):
 PSYoungGen      total 303616K, used 10721K [0x00000007eaa80000, 0x0000000800000000, 0x0000000800000000)
  eden space 259072K, 4% used [0x00000007eaa80000,0x00000007eb4f84f8,0x00000007fa780000)
  from space 44544K, 0% used [0x00000007fa780000,0x00000007fa780000,0x00000007fd300000)
  to   space 41984K, 0% used [0x00000007fd700000,0x00000007fd700000,0x0000000800000000)
 ParOldGen       total 699392K, used 699239K [0x00000007bff80000, 0x00000007eaa80000, 0x00000007eaa80000)
  object space 699392K, 99% used [0x00000007bff80000,0x00000007eaa59f60,0x00000007eaa80000)
 PSPermGen       total 301568K, used 199737K [0x000000073ff80000, 0x0000000752600000, 0x00000007bff80000)
  object space 301568K, 66% used [0x000000073ff80000,0x000000074c28e7f8,0x0000000752600000)
}
Event: 328,581 GC heap before
{Heap before GC invocations=114 (full 15):
 PSYoungGen      total 303616K, used 259072K [0x00000007eaa80000, 0x0000000800000000, 0x0000000800000000)
  eden space 259072K, 100% used [0x00000007eaa80000,0x00000007fa780000,0x00000007fa780000)
  from space 44544K, 0% used [0x00000007fa780000,0x00000007fa780000,0x00000007fd300000)
  to   space 41984K, 0% used [0x00000007fd700000,0x00000007fd700000,0x0000000800000000)
 ParOldGen       total 699392K, used 699239K [0x00000007bff80000, 0x00000007eaa80000, 0x00000007eaa80000)
  object space 699392K, 99% used [0x00000007bff80000,0x00000007eaa59f60,0x00000007eaa80000)
 PSPermGen       total 301568K, used 199738K [0x000000073ff80000, 0x0000000752600000, 0x00000007bff80000)
  object space 301568K, 66% used [0x000000073ff80000,0x000000074c28ea68,0x0000000752600000)
Event: 332,237 GC heap after
Heap after GC invocations=114 (full 15):
 PSYoungGen      total 303616K, used 10865K [0x00000007eaa80000, 0x0000000800000000, 0x0000000800000000)
  eden space 259072K, 4% used [0x00000007eaa80000,0x00000007eb51c660,0x00000007fa780000)
  from space 44544K, 0% used [0x00000007fa780000,0x00000007fa780000,0x00000007fd300000)
  to   space 41984K, 0% used [0x00000007fd700000,0x00000007fd700000,0x0000000800000000)
 ParOldGen       total 699392K, used 699056K [0x00000007bff80000, 0x00000007eaa80000, 0x00000007eaa80000)
  object space 699392K, 99% used [0x00000007bff80000,0x00000007eaa2c348,0x00000007eaa80000)
 PSPermGen       total 286208K, used 199738K [0x000000073ff80000, 0x0000000751700000, 0x00000007bff80000)
  object space 286208K, 69% used [0x000000073ff80000,0x000000074c28ea68,0x0000000751700000)
}
Event: 423,139 GC heap before
{Heap before GC invocations=115 (full 16):
 PSYoungGen      total 303616K, used 259072K [0x00000007eaa80000, 0x0000000800000000, 0x0000000800000000)
  eden space 259072K, 100% used [0x00000007eaa80000,0x00000007fa780000,0x00000007fa780000)
  from space 44544K, 0% used [0x00000007fa780000,0x00000007fa780000,0x00000007fd300000)
  to   space 41984K, 0% used [0x00000007fd700000,0x00000007fd700000,0x0000000800000000)
 ParOldGen       total 699392K, used 699056K [0x00000007bff80000, 0x00000007eaa80000, 0x00000007eaa80000)
  object space 699392K, 99% used [0x00000007bff80000,0x00000007eaa2c348,0x00000007eaa80000)
 PSPermGen       total 286208K, used 200094K [0x000000073ff80000, 0x0000000751700000, 0x00000007bff80000)
  object space 286208K, 69% used [0x000000073ff80000,0x000000074c2e7808,0x0000000751700000)
Event: 426,234 GC heap after
Heap after GC invocations=115 (full 16):
 PSYoungGen      total 303616K, used 12534K [0x00000007eaa80000, 0x0000000800000000, 0x0000000800000000)
  eden space 259072K, 4% used [0x00000007eaa80000,0x00000007eb6bd900,0x00000007fa780000)
  from space 44544K, 0% used [0x00000007fa780000,0x00000007fa780000,0x00000007fd300000)
  to   space 41984K, 0% used [0x00000007fd700000,0x00000007fd700000,0x0000000800000000)
 ParOldGen       total 699392K, used 699360K [0x00000007bff80000, 0x00000007eaa80000, 0x00000007eaa80000)
  object space 699392K, 99% used [0x00000007bff80000,0x00000007eaa78228,0x00000007eaa80000)
 PSPermGen       total 272896K, used 200085K [0x000000073ff80000, 0x0000000750a00000, 0x00000007bff80000)
  object space 272896K, 73% used [0x000000073ff80000,0x000000074c2e57b0,0x0000000750a00000)
}

