# JRE version: Java(TM) SE Runtime Environment (7.0_80-b15) (build 1.7.0_80-b15)
# Java VM: Java HotSpot(TM) 64-Bit Server VM (24.80-b11 mixed mode linux-amd64 compressed oops)
Heap
 PSYoungGen      total 235008K, used 61007K [0x00000000eaa80000, 0x0000000100000000, 0x0000000100000000)
  eden space 173568K, 0% used [0x00000000eaa80000,0x00000000eaa80000,0x00000000f5400000)
  from space 61440K, 99% used [0x00000000f5400000,0x00000000f8f93f98,0x00000000f9000000)
  to   space 94208K, 0% used [0x00000000fa400000,0x00000000fa400000,0x0000000100000000)
 ParOldGen       total 699392K, used 660830K [0x00000000bff80000, 0x00000000eaa80000, 0x00000000eaa80000)
  object space 699392K, 94% used [0x00000000bff80000,0x00000000e84d7928,0x00000000eaa80000)
 PSPermGen       total 524288K, used 207244K [0x000000009ff80000, 0x00000000bff80000, 0x00000000bff80000)
  object space 524288K, 39% used [0x000000009ff80000,0x00000000ac9e3130,0x00000000bff80000)
GC Heap History (10 events):
Event: 3829,754 GC heap after
Heap after GC invocations=100 (full 1):
 PSYoungGen      total 324096K, used 17408K [0x00000000eaa80000, 0x0000000100000000, 0x0000000100000000)
  eden space 306688K, 0% used [0x00000000eaa80000,0x00000000eaa80000,0x00000000fd600000)
  from space 17408K, 100% used [0x00000000fde00000,0x00000000fef00000,0x00000000fef00000)
  to   space 17408K, 0% used [0x00000000fef00000,0x00000000fef00000,0x0000000100000000)
 ParOldGen       total 699392K, used 559099K [0x00000000bff80000, 0x00000000eaa80000, 0x00000000eaa80000)
  object space 699392K, 79% used [0x00000000bff80000,0x00000000e217eda0,0x00000000eaa80000)
 PSPermGen       total 524288K, used 204683K [0x000000009ff80000, 0x00000000bff80000, 0x00000000bff80000)
  object space 524288K, 39% used [0x000000009ff80000,0x00000000ac762c08,0x00000000bff80000)
}
Event: 3832,922 GC heap before
{Heap before GC invocations=101 (full 1):
 PSYoungGen      total 324096K, used 324096K [0x00000000eaa80000, 0x0000000100000000, 0x0000000100000000)
  eden space 306688K, 100% used [0x00000000eaa80000,0x00000000fd600000,0x00000000fd600000)
  from space 17408K, 100% used [0x00000000fde00000,0x00000000fef00000,0x00000000fef00000)
  to   space 17408K, 0% used [0x00000000fef00000,0x00000000fef00000,0x0000000100000000)
 ParOldGen       total 699392K, used 559099K [0x00000000bff80000, 0x00000000eaa80000, 0x00000000eaa80000)
  object space 699392K, 79% used [0x00000000bff80000,0x00000000e217eda0,0x00000000eaa80000)
 PSPermGen       total 524288K, used 204889K [0x000000009ff80000, 0x00000000bff80000, 0x00000000bff80000)
  object space 524288K, 39% used [0x000000009ff80000,0x00000000ac7964c8,0x00000000bff80000)
Event: 3832,967 GC heap after
Heap after GC invocations=101 (full 1):
 PSYoungGen      total 257536K, used 17408K [0x00000000eaa80000, 0x0000000100000000, 0x0000000100000000)
  eden space 240128K, 0% used [0x00000000eaa80000,0x00000000eaa80000,0x00000000f9500000)
  from space 17408K, 100% used [0x00000000fef00000,0x0000000100000000,0x0000000100000000)
  to   space 54784K, 0% used [0x00000000f9500000,0x00000000f9500000,0x00000000fca80000)
 ParOldGen       total 699392K, used 609393K [0x00000000bff80000, 0x00000000eaa80000, 0x00000000eaa80000)
  object space 699392K, 87% used [0x00000000bff80000,0x00000000e529c680,0x00000000eaa80000)
 PSPermGen       total 524288K, used 204889K [0x000000009ff80000, 0x00000000bff80000, 0x00000000bff80000)
  object space 524288K, 39% used [0x000000009ff80000,0x00000000ac7964c8,0x00000000bff80000)
}
Event: 3834,068 GC heap before
{Heap before GC invocations=102 (full 1):
 PSYoungGen      total 257536K, used 257536K [0x00000000eaa80000, 0x0000000100000000, 0x0000000100000000)
  eden space 240128K, 100% used [0x00000000eaa80000,0x00000000f9500000,0x00000000f9500000)
  from space 17408K, 100% used [0x00000000fef00000,0x0000000100000000,0x0000000100000000)
  to   space 54784K, 0% used [0x00000000f9500000,0x00000000f9500000,0x00000000fca80000)
 ParOldGen       total 699392K, used 609393K [0x00000000bff80000, 0x00000000eaa80000, 0x00000000eaa80000)
  object space 699392K, 87% used [0x00000000bff80000,0x00000000e529c680,0x00000000eaa80000)
 PSPermGen       total 524288K, used 204893K [0x000000009ff80000, 0x00000000bff80000, 0x00000000bff80000)
  object space 524288K, 39% used [0x000000009ff80000,0x00000000ac7977f0,0x00000000bff80000)
Event: 3834,102 GC heap after
Heap after GC invocations=102 (full 1):
 PSYoungGen      total 294912K, used 54784K [0x00000000eaa80000, 0x0000000100000000, 0x0000000100000000)
  eden space 240128K, 0% used [0x00000000eaa80000,0x00000000eaa80000,0x00000000f9500000)
  from space 54784K, 100% used [0x00000000f9500000,0x00000000fca80000,0x00000000fca80000)
  to   space 54784K, 0% used [0x00000000fca80000,0x00000000fca80000,0x0000000100000000)
 ParOldGen       total 699392K, used 611841K [0x00000000bff80000, 0x00000000eaa80000, 0x00000000eaa80000)
  object space 699392K, 87% used [0x00000000bff80000,0x00000000e5500630,0x00000000eaa80000)
 PSPermGen       total 524288K, used 204893K [0x000000009ff80000, 0x00000000bff80000, 0x00000000bff80000)
  object space 524288K, 39% used [0x000000009ff80000,0x00000000ac7977f0,0x00000000bff80000)
}
Event: 3835,796 GC heap before
{Heap before GC invocations=103 (full 1):
 PSYoungGen      total 294912K, used 294912K [0x00000000eaa80000, 0x0000000100000000, 0x0000000100000000)
  eden space 240128K, 100% used [0x00000000eaa80000,0x00000000f9500000,0x00000000f9500000)
  from space 54784K, 100% used [0x00000000f9500000,0x00000000fca80000,0x00000000fca80000)
  to   space 54784K, 0% used [0x00000000fca80000,0x00000000fca80000,0x0000000100000000)
 ParOldGen       total 699392K, used 611841K [0x00000000bff80000, 0x00000000eaa80000, 0x00000000eaa80000)
  object space 699392K, 87% used [0x00000000bff80000,0x00000000e5500630,0x00000000eaa80000)
 PSPermGen       total 524288K, used 204902K [0x000000009ff80000, 0x00000000bff80000, 0x00000000bff80000)
  object space 524288K, 39% used [0x000000009ff80000,0x00000000ac7998f0,0x00000000bff80000)
Event: 3835,848 GC heap after
Heap after GC invocations=103 (full 1):
 PSYoungGen      total 228352K, used 54784K [0x00000000eaa80000, 0x0000000100000000, 0x0000000100000000)
  eden space 173568K, 0% used [0x00000000eaa80000,0x00000000eaa80000,0x00000000f5400000)
  from space 54784K, 100% used [0x00000000fca80000,0x0000000100000000,0x0000000100000000)
  to   space 88064K, 0% used [0x00000000f5400000,0x00000000f5400000,0x00000000faa00000)
 ParOldGen       total 699392K, used 649096K [0x00000000bff80000, 0x00000000eaa80000, 0x00000000eaa80000)
  object space 699392K, 92% used [0x00000000bff80000,0x00000000e79620b8,0x00000000eaa80000)
 PSPermGen       total 524288K, used 204902K [0x000000009ff80000, 0x00000000bff80000, 0x00000000bff80000)
  object space 524288K, 39% used [0x000000009ff80000,0x00000000ac7998f0,0x00000000bff80000)
}
Event: 3841,710 GC heap before
{Heap before GC invocations=104 (full 1):
 PSYoungGen      total 228352K, used 228352K [0x00000000eaa80000, 0x0000000100000000, 0x0000000100000000)
  eden space 173568K, 100% used [0x00000000eaa80000,0x00000000f5400000,0x00000000f5400000)
  from space 54784K, 100% used [0x00000000fca80000,0x0000000100000000,0x0000000100000000)
  to   space 88064K, 0% used [0x00000000f5400000,0x00000000f5400000,0x00000000faa00000)
 ParOldGen       total 699392K, used 649096K [0x00000000bff80000, 0x00000000eaa80000, 0x00000000eaa80000)
  object space 699392K, 92% used [0x00000000bff80000,0x00000000e79620b8,0x00000000eaa80000)
 PSPermGen       total 524288K, used 207244K [0x000000009ff80000, 0x00000000bff80000, 0x00000000bff80000)
  object space 524288K, 39% used [0x000000009ff80000,0x00000000ac9e3130,0x00000000bff80000)
Event: 3841,751 GC heap after
Heap after GC invocations=104 (full 1):
 PSYoungGen      total 235008K, used 61007K [0x00000000eaa80000, 0x0000000100000000, 0x0000000100000000)
  eden space 173568K, 0% used [0x00000000eaa80000,0x00000000eaa80000,0x00000000f5400000)
  from space 61440K, 99% used [0x00000000f5400000,0x00000000f8f93f98,0x00000000f9000000)
  to   space 94208K, 0% used [0x00000000fa400000,0x00000000fa400000,0x0000000100000000)
 ParOldGen       total 699392K, used 660830K [0x00000000bff80000, 0x00000000eaa80000, 0x00000000eaa80000)
  object space 699392K, 94% used [0x00000000bff80000,0x00000000e84d7928,0x00000000eaa80000)
 PSPermGen       total 524288K, used 207244K [0x000000009ff80000, 0x00000000bff80000, 0x00000000bff80000)
  object space 524288K, 39% used [0x000000009ff80000,0x00000000ac9e3130,0x00000000bff80000)
}
Event: 3841,752 GC heap before
{Heap before GC invocations=105 (full 2):
 PSYoungGen      total 235008K, used 61007K [0x00000000eaa80000, 0x0000000100000000, 0x0000000100000000)
  eden space 173568K, 0% used [0x00000000eaa80000,0x00000000eaa80000,0x00000000f5400000)
  from space 61440K, 99% used [0x00000000f5400000,0x00000000f8f93f98,0x00000000f9000000)
  to   space 94208K, 0% used [0x00000000fa400000,0x00000000fa400000,0x0000000100000000)
 ParOldGen       total 699392K, used 660830K [0x00000000bff80000, 0x00000000eaa80000, 0x00000000eaa80000)
  object space 699392K, 94% used [0x00000000bff80000,0x00000000e84d7928,0x00000000eaa80000)
 PSPermGen       total 524288K, used 207244K [0x000000009ff80000, 0x00000000bff80000, 0x00000000bff80000)
  object space 524288K, 39% used [0x000000009ff80000,0x00000000ac9e3130,0x00000000bff80000)

