# JRE version: Java(TM) SE Runtime Environment (7.0_80-b15) (build 1.7.0_80-b15)
# Java VM: Java HotSpot(TM) 64-Bit Server VM (24.80-b11 mixed mode linux-amd64 compressed oops)
Heap
 PSYoungGen      total 294912K, used 268345K [0x00000000eaa80000, 0x0000000100000000, 0x0000000100000000)
  eden space 238080K, 100% used [0x00000000eaa80000,0x00000000f9300000,0x00000000f9300000)
  from space 56832K, 53% used [0x00000000fc880000,0x00000000fe60e790,0x0000000100000000)
  to   space 54784K, 7% used [0x00000000f9300000,0x00000000f96f1cc0,0x00000000fc880000)
 ParOldGen       total 699392K, used 518082K [0x00000000bff80000, 0x00000000eaa80000, 0x00000000eaa80000)
  object space 699392K, 74% used [0x00000000bff80000,0x00000000df972ae0,0x00000000eaa80000)
 PSPermGen       total 343040K, used 342551K [0x000000009ff80000, 0x00000000b4e80000, 0x00000000bff80000)
  object space 343040K, 99% used [0x000000009ff80000,0x00000000b4e05de8,0x00000000b4e80000)
GC Heap History (10 events):
Event: 25,098 GC heap after
Heap after GC invocations=34 (full 0):
 PSYoungGen      total 294912K, used 36480K [0x00000000eaa80000, 0x0000000100000000, 0x0000000100000000)
  eden space 244224K, 0% used [0x00000000eaa80000,0x00000000eaa80000,0x00000000f9900000)
  from space 50688K, 71% used [0x00000000fce80000,0x00000000ff220020,0x0000000100000000)
  to   space 52736K, 0% used [0x00000000f9900000,0x00000000f9900000,0x00000000fcc80000)
 ParOldGen       total 699392K, used 357788K [0x00000000bff80000, 0x00000000eaa80000, 0x00000000eaa80000)
  object space 699392K, 51% used [0x00000000bff80000,0x00000000d5ce7278,0x00000000eaa80000)
 PSPermGen       total 324096K, used 323651K [0x000000009ff80000, 0x00000000b3c00000, 0x00000000bff80000)
  object space 324096K, 99% used [0x000000009ff80000,0x00000000b3b90d60,0x00000000b3c00000)
}
Event: 25,717 GC heap before
{Heap before GC invocations=35 (full 0):
 PSYoungGen      total 294912K, used 280704K [0x00000000eaa80000, 0x0000000100000000, 0x0000000100000000)
  eden space 244224K, 100% used [0x00000000eaa80000,0x00000000f9900000,0x00000000f9900000)
  from space 50688K, 71% used [0x00000000fce80000,0x00000000ff220020,0x0000000100000000)
  to   space 52736K, 0% used [0x00000000f9900000,0x00000000f9900000,0x00000000fcc80000)
 ParOldGen       total 699392K, used 357788K [0x00000000bff80000, 0x00000000eaa80000, 0x00000000eaa80000)
  object space 699392K, 51% used [0x00000000bff80000,0x00000000d5ce7278,0x00000000eaa80000)
 PSPermGen       total 324096K, used 323894K [0x000000009ff80000, 0x00000000b3c00000, 0x00000000bff80000)
  object space 324096K, 99% used [0x000000009ff80000,0x00000000b3bcd8c8,0x00000000b3c00000)
Event: 25,767 GC heap after
Heap after GC invocations=35 (full 0):
 PSYoungGen      total 283136K, used 38656K [0x00000000eaa80000, 0x0000000100000000, 0x0000000100000000)
  eden space 244224K, 0% used [0x00000000eaa80000,0x00000000eaa80000,0x00000000f9900000)
  from space 38912K, 99% used [0x00000000f9900000,0x00000000fbec0030,0x00000000fbf00000)
  to   space 55296K, 0% used [0x00000000fca00000,0x00000000fca00000,0x0000000100000000)
 ParOldGen       total 699392K, used 392600K [0x00000000bff80000, 0x00000000eaa80000, 0x00000000eaa80000)
  object space 699392K, 56% used [0x00000000bff80000,0x00000000d7ee6210,0x00000000eaa80000)
 PSPermGen       total 324096K, used 323894K [0x000000009ff80000, 0x00000000b3c00000, 0x00000000bff80000)
  object space 324096K, 99% used [0x000000009ff80000,0x00000000b3bcd8c8,0x00000000b3c00000)
}
Event: 27,399 GC heap before
{Heap before GC invocations=36 (full 0):
 PSYoungGen      total 283136K, used 282880K [0x00000000eaa80000, 0x0000000100000000, 0x0000000100000000)
  eden space 244224K, 100% used [0x00000000eaa80000,0x00000000f9900000,0x00000000f9900000)
  from space 38912K, 99% used [0x00000000f9900000,0x00000000fbec0030,0x00000000fbf00000)
  to   space 55296K, 0% used [0x00000000fca00000,0x00000000fca00000,0x0000000100000000)
 ParOldGen       total 699392K, used 392600K [0x00000000bff80000, 0x00000000eaa80000, 0x00000000eaa80000)
  object space 699392K, 56% used [0x00000000bff80000,0x00000000d7ee6210,0x00000000eaa80000)
 PSPermGen       total 326656K, used 326239K [0x000000009ff80000, 0x00000000b3e80000, 0x00000000bff80000)
  object space 326656K, 99% used [0x000000009ff80000,0x00000000b3e17cd8,0x00000000b3e80000)
Event: 27,442 GC heap after
Heap after GC invocations=36 (full 0):
 PSYoungGen      total 295936K, used 29664K [0x00000000eaa80000, 0x0000000100000000, 0x0000000100000000)
  eden space 240640K, 0% used [0x00000000eaa80000,0x00000000eaa80000,0x00000000f9580000)
  from space 55296K, 53% used [0x00000000fca00000,0x00000000fe6f8000,0x0000000100000000)
  to   space 53760K, 0% used [0x00000000f9580000,0x00000000f9580000,0x00000000fca00000)
 ParOldGen       total 699392K, used 430595K [0x00000000bff80000, 0x00000000eaa80000, 0x00000000eaa80000)
  object space 699392K, 61% used [0x00000000bff80000,0x00000000da400d30,0x00000000eaa80000)
 PSPermGen       total 326656K, used 326239K [0x000000009ff80000, 0x00000000b3e80000, 0x00000000bff80000)
  object space 326656K, 99% used [0x000000009ff80000,0x00000000b3e17cd8,0x00000000b3e80000)
}
Event: 31,199 GC heap before
{Heap before GC invocations=37 (full 0):
 PSYoungGen      total 295936K, used 270304K [0x00000000eaa80000, 0x0000000100000000, 0x0000000100000000)
  eden space 240640K, 100% used [0x00000000eaa80000,0x00000000f9580000,0x00000000f9580000)
  from space 55296K, 53% used [0x00000000fca00000,0x00000000fe6f8000,0x0000000100000000)
  to   space 53760K, 0% used [0x00000000f9580000,0x00000000f9580000,0x00000000fca00000)
 ParOldGen       total 699392K, used 430595K [0x00000000bff80000, 0x00000000eaa80000, 0x00000000eaa80000)
  object space 699392K, 61% used [0x00000000bff80000,0x00000000da400d30,0x00000000eaa80000)
 PSPermGen       total 326656K, used 326279K [0x000000009ff80000, 0x00000000b3e80000, 0x00000000bff80000)
  object space 326656K, 99% used [0x000000009ff80000,0x00000000b3e21e40,0x00000000b3e80000)
Event: 31,280 GC heap after
Heap after GC invocations=37 (full 0):
 PSYoungGen      total 283648K, used 42688K [0x00000000eaa80000, 0x0000000100000000, 0x0000000100000000)
  eden space 240640K, 0% used [0x00000000eaa80000,0x00000000eaa80000,0x00000000f9580000)
  from space 43008K, 99% used [0x00000000f9580000,0x00000000fbf30000,0x00000000fbf80000)
  to   space 56832K, 0% used [0x00000000fc880000,0x00000000fc880000,0x0000000100000000)
 ParOldGen       total 699392K, used 459929K [0x00000000bff80000, 0x00000000eaa80000, 0x00000000eaa80000)
  object space 699392K, 65% used [0x00000000bff80000,0x00000000dc0a67a0,0x00000000eaa80000)
 PSPermGen       total 326656K, used 326279K [0x000000009ff80000, 0x00000000b3e80000, 0x00000000bff80000)
  object space 326656K, 99% used [0x000000009ff80000,0x00000000b3e21e40,0x00000000b3e80000)
}
Event: 33,525 GC heap before
{Heap before GC invocations=38 (full 0):
 PSYoungGen      total 283648K, used 283328K [0x00000000eaa80000, 0x0000000100000000, 0x0000000100000000)
  eden space 240640K, 100% used [0x00000000eaa80000,0x00000000f9580000,0x00000000f9580000)
  from space 43008K, 99% used [0x00000000f9580000,0x00000000fbf30000,0x00000000fbf80000)
  to   space 56832K, 0% used [0x00000000fc880000,0x00000000fc880000,0x0000000100000000)
 ParOldGen       total 699392K, used 459929K [0x00000000bff80000, 0x00000000eaa80000, 0x00000000eaa80000)
  object space 699392K, 65% used [0x00000000bff80000,0x00000000dc0a67a0,0x00000000eaa80000)
 PSPermGen       total 333824K, used 333714K [0x000000009ff80000, 0x00000000b4580000, 0x00000000bff80000)
  object space 333824K, 99% used [0x000000009ff80000,0x00000000b4564bc0,0x00000000b4580000)
Event: 33,600 GC heap after
Heap after GC invocations=38 (full 0):
 PSYoungGen      total 294912K, used 30265K [0x00000000eaa80000, 0x0000000100000000, 0x0000000100000000)
  eden space 238080K, 0% used [0x00000000eaa80000,0x00000000eaa80000,0x00000000f9300000)
  from space 56832K, 53% used [0x00000000fc880000,0x00000000fe60e790,0x0000000100000000)
  to   space 54784K, 0% used [0x00000000f9300000,0x00000000f9300000,0x00000000fc880000)
 ParOldGen       total 699392K, used 502907K [0x00000000bff80000, 0x00000000eaa80000, 0x00000000eaa80000)
  object space 699392K, 71% used [0x00000000bff80000,0x00000000dea9eed8,0x00000000eaa80000)
 PSPermGen       total 333824K, used 333714K [0x000000009ff80000, 0x00000000b4580000, 0x00000000bff80000)
  object space 333824K, 99% used [0x000000009ff80000,0x00000000b4564bc0,0x00000000b4580000)
}
Event: 403,075 GC heap before
{Heap before GC invocations=39 (full 0):
 PSYoungGen      total 294912K, used 268345K [0x00000000eaa80000, 0x0000000100000000, 0x0000000100000000)
  eden space 238080K, 100% used [0x00000000eaa80000,0x00000000f9300000,0x00000000f9300000)
  from space 56832K, 53% used [0x00000000fc880000,0x00000000fe60e790,0x0000000100000000)
  to   space 54784K, 0% used [0x00000000f9300000,0x00000000f9300000,0x00000000fc880000)
 ParOldGen       total 699392K, used 502907K [0x00000000bff80000, 0x00000000eaa80000, 0x00000000eaa80000)
  object space 699392K, 71% used [0x00000000bff80000,0x00000000dea9eed8,0x00000000eaa80000)
 PSPermGen       total 343040K, used 342551K [0x000000009ff80000, 0x00000000b4e80000, 0x00000000bff80000)
  object space 343040K, 99% used [0x000000009ff80000,0x00000000b4e05de8,0x00000000b4e80000)

