# JRE version: Java(TM) SE Runtime Environment (7.0_80-b15) (build 1.7.0_80-b15)
# Java VM: Java HotSpot(TM) 64-Bit Server VM (24.80-b11 mixed mode linux-amd64 compressed oops)
Heap
 PSYoungGen      total 294912K, used 240128K [0x00000000eaa80000, 0x0000000100000000, 0x0000000100000000)
  eden space 240128K, 100% used [0x00000000eaa80000,0x00000000f9500000,0x00000000f9500000)
  from space 54784K, 0% used [0x00000000f9500000,0x00000000f9500000,0x00000000fca80000)
  to   space 54272K, 0% used [0x00000000fcb00000,0x00000000fcb00000,0x0000000100000000)
 ParOldGen       total 699392K, used 667601K [0x00000000bff80000, 0x00000000eaa80000, 0x00000000eaa80000)
  object space 699392K, 95% used [0x00000000bff80000,0x00000000e8b74460,0x00000000eaa80000)
 PSPermGen       total 524288K, used 205401K [0x000000009ff80000, 0x00000000bff80000, 0x00000000bff80000)
  object space 524288K, 39% used [0x000000009ff80000,0x00000000ac816698,0x00000000bff80000)
GC Heap History (10 events):
Event: 157,300 GC heap after
Heap after GC invocations=95 (full 1):
 PSYoungGen      total 321024K, used 18483K [0x00000000eaa80000, 0x0000000100000000, 0x0000000100000000)
  eden space 295424K, 0% used [0x00000000eaa80000,0x00000000eaa80000,0x00000000fcb00000)
  from space 25600K, 72% used [0x00000000fe700000,0x00000000ff90cee0,0x0000000100000000)
  to   space 27136K, 0% used [0x00000000fcb00000,0x00000000fcb00000,0x00000000fe580000)
 ParOldGen       total 699392K, used 603970K [0x00000000bff80000, 0x00000000eaa80000, 0x00000000eaa80000)
  object space 699392K, 86% used [0x00000000bff80000,0x00000000e4d50910,0x00000000eaa80000)
 PSPermGen       total 524288K, used 196525K [0x000000009ff80000, 0x00000000bff80000, 0x00000000bff80000)
  object space 524288K, 37% used [0x000000009ff80000,0x00000000abf6b6a0,0x00000000bff80000)
}
Event: 158,791 GC heap before
{Heap before GC invocations=96 (full 1):
 PSYoungGen      total 321024K, used 313907K [0x00000000eaa80000, 0x0000000100000000, 0x0000000100000000)
  eden space 295424K, 100% used [0x00000000eaa80000,0x00000000fcb00000,0x00000000fcb00000)
  from space 25600K, 72% used [0x00000000fe700000,0x00000000ff90cee0,0x0000000100000000)
  to   space 27136K, 0% used [0x00000000fcb00000,0x00000000fcb00000,0x00000000fe580000)
 ParOldGen       total 699392K, used 603970K [0x00000000bff80000, 0x00000000eaa80000, 0x00000000eaa80000)
  object space 699392K, 86% used [0x00000000bff80000,0x00000000e4d50910,0x00000000eaa80000)
 PSPermGen       total 524288K, used 196639K [0x000000009ff80000, 0x00000000bff80000, 0x00000000bff80000)
  object space 524288K, 37% used [0x000000009ff80000,0x00000000abf87fb8,0x00000000bff80000)
Event: 158,820 GC heap after
Heap after GC invocations=96 (full 1):
 PSYoungGen      total 322560K, used 27120K [0x00000000eaa80000, 0x0000000100000000, 0x0000000100000000)
  eden space 295424K, 0% used [0x00000000eaa80000,0x00000000eaa80000,0x00000000fcb00000)
  from space 27136K, 99% used [0x00000000fcb00000,0x00000000fe57c010,0x00000000fe580000)
  to   space 27136K, 0% used [0x00000000fe580000,0x00000000fe580000,0x0000000100000000)
 ParOldGen       total 699392K, used 631916K [0x00000000bff80000, 0x00000000eaa80000, 0x00000000eaa80000)
  object space 699392K, 90% used [0x00000000bff80000,0x00000000e689b300,0x00000000eaa80000)
 PSPermGen       total 524288K, used 196639K [0x000000009ff80000, 0x00000000bff80000, 0x00000000bff80000)
  object space 524288K, 37% used [0x000000009ff80000,0x00000000abf87fb8,0x00000000bff80000)
}
Event: 163,791 GC heap before
{Heap before GC invocations=97 (full 1):
 PSYoungGen      total 322560K, used 322544K [0x00000000eaa80000, 0x0000000100000000, 0x0000000100000000)
  eden space 295424K, 100% used [0x00000000eaa80000,0x00000000fcb00000,0x00000000fcb00000)
  from space 27136K, 99% used [0x00000000fcb00000,0x00000000fe57c010,0x00000000fe580000)
  to   space 27136K, 0% used [0x00000000fe580000,0x00000000fe580000,0x0000000100000000)
 ParOldGen       total 699392K, used 631916K [0x00000000bff80000, 0x00000000eaa80000, 0x00000000eaa80000)
  object space 699392K, 90% used [0x00000000bff80000,0x00000000e689b300,0x00000000eaa80000)
 PSPermGen       total 524288K, used 205018K [0x000000009ff80000, 0x00000000bff80000, 0x00000000bff80000)
  object space 524288K, 39% used [0x000000009ff80000,0x00000000ac7b6a90,0x00000000bff80000)
Event: 163,820 GC heap after
Heap after GC invocations=97 (full 1):
 PSYoungGen      total 267264K, used 27135K [0x00000000eaa80000, 0x0000000100000000, 0x0000000100000000)
  eden space 240128K, 0% used [0x00000000eaa80000,0x00000000eaa80000,0x00000000f9500000)
  from space 27136K, 99% used [0x00000000fe580000,0x00000000ffffff98,0x0000000100000000)
  to   space 54784K, 0% used [0x00000000f9500000,0x00000000f9500000,0x00000000fca80000)
 ParOldGen       total 699392K, used 662150K [0x00000000bff80000, 0x00000000eaa80000, 0x00000000eaa80000)
  object space 699392K, 94% used [0x00000000bff80000,0x00000000e8621900,0x00000000eaa80000)
 PSPermGen       total 524288K, used 205018K [0x000000009ff80000, 0x00000000bff80000, 0x00000000bff80000)
  object space 524288K, 39% used [0x000000009ff80000,0x00000000ac7b6a90,0x00000000bff80000)
}
Event: 165,628 GC heap before
{Heap before GC invocations=98 (full 1):
 PSYoungGen      total 267264K, used 267263K [0x00000000eaa80000, 0x0000000100000000, 0x0000000100000000)
  eden space 240128K, 100% used [0x00000000eaa80000,0x00000000f9500000,0x00000000f9500000)
  from space 27136K, 99% used [0x00000000fe580000,0x00000000ffffff98,0x0000000100000000)
  to   space 54784K, 0% used [0x00000000f9500000,0x00000000f9500000,0x00000000fca80000)
 ParOldGen       total 699392K, used 662150K [0x00000000bff80000, 0x00000000eaa80000, 0x00000000eaa80000)
  object space 699392K, 94% used [0x00000000bff80000,0x00000000e8621900,0x00000000eaa80000)
 PSPermGen       total 524288K, used 205837K [0x000000009ff80000, 0x00000000bff80000, 0x00000000bff80000)
  object space 524288K, 39% used [0x000000009ff80000,0x00000000ac8834b8,0x00000000bff80000)
Event: 165,648 GC heap after
Heap after GC invocations=98 (full 1):
 PSYoungGen      total 294912K, used 3153K [0x00000000eaa80000, 0x0000000100000000, 0x0000000100000000)
  eden space 240128K, 0% used [0x00000000eaa80000,0x00000000eaa80000,0x00000000f9500000)
  from space 54784K, 5% used [0x00000000f9500000,0x00000000f9814480,0x00000000fca80000)
  to   space 54272K, 0% used [0x00000000fcb00000,0x00000000fcb00000,0x0000000100000000)
 ParOldGen       total 699392K, used 684591K [0x00000000bff80000, 0x00000000eaa80000, 0x00000000eaa80000)
  object space 699392K, 97% used [0x00000000bff80000,0x00000000e9c0bde8,0x00000000eaa80000)
 PSPermGen       total 524288K, used 205837K [0x000000009ff80000, 0x00000000bff80000, 0x00000000bff80000)
  object space 524288K, 39% used [0x000000009ff80000,0x00000000ac8834b8,0x00000000bff80000)
}
Event: 165,648 GC heap before
{Heap before GC invocations=99 (full 2):
 PSYoungGen      total 294912K, used 3153K [0x00000000eaa80000, 0x0000000100000000, 0x0000000100000000)
  eden space 240128K, 0% used [0x00000000eaa80000,0x00000000eaa80000,0x00000000f9500000)
  from space 54784K, 5% used [0x00000000f9500000,0x00000000f9814480,0x00000000fca80000)
  to   space 54272K, 0% used [0x00000000fcb00000,0x00000000fcb00000,0x0000000100000000)
 ParOldGen       total 699392K, used 684591K [0x00000000bff80000, 0x00000000eaa80000, 0x00000000eaa80000)
  object space 699392K, 97% used [0x00000000bff80000,0x00000000e9c0bde8,0x00000000eaa80000)
 PSPermGen       total 524288K, used 205837K [0x000000009ff80000, 0x00000000bff80000, 0x00000000bff80000)
  object space 524288K, 39% used [0x000000009ff80000,0x00000000ac8834b8,0x00000000bff80000)
Event: 166,854 GC heap after
Heap after GC invocations=99 (full 2):
 PSYoungGen      total 294912K, used 0K [0x00000000eaa80000, 0x0000000100000000, 0x0000000100000000)
  eden space 240128K, 0% used [0x00000000eaa80000,0x00000000eaa80000,0x00000000f9500000)
  from space 54784K, 0% used [0x00000000f9500000,0x00000000f9500000,0x00000000fca80000)
  to   space 54272K, 0% used [0x00000000fcb00000,0x00000000fcb00000,0x0000000100000000)
 ParOldGen       total 699392K, used 667601K [0x00000000bff80000, 0x00000000eaa80000, 0x00000000eaa80000)
  object space 699392K, 95% used [0x00000000bff80000,0x00000000e8b74460,0x00000000eaa80000)
 PSPermGen       total 524288K, used 203825K [0x000000009ff80000, 0x00000000bff80000, 0x00000000bff80000)
  object space 524288K, 38% used [0x000000009ff80000,0x00000000ac68c6b8,0x00000000bff80000)
}
Event: 168,745 GC heap before
{Heap before GC invocations=100 (full 3):
 PSYoungGen      total 294912K, used 240128K [0x00000000eaa80000, 0x0000000100000000, 0x0000000100000000)
  eden space 240128K, 100% used [0x00000000eaa80000,0x00000000f9500000,0x00000000f9500000)
  from space 54784K, 0% used [0x00000000f9500000,0x00000000f9500000,0x00000000fca80000)
  to   space 54272K, 0% used [0x00000000fcb00000,0x00000000fcb00000,0x0000000100000000)
 ParOldGen       total 699392K, used 667601K [0x00000000bff80000, 0x00000000eaa80000, 0x00000000eaa80000)
  object space 699392K, 95% used [0x00000000bff80000,0x00000000e8b74460,0x00000000eaa80000)
 PSPermGen       total 524288K, used 205401K [0x000000009ff80000, 0x00000000bff80000, 0x00000000bff80000)
  object space 524288K, 39% used [0x000000009ff80000,0x00000000ac816698,0x00000000bff80000)

