# JRE version: Java(TM) SE Runtime Environment (7.0_80-b15) (build 1.7.0_80-b15)
# Java VM: Java HotSpot(TM) 64-Bit Server VM (24.80-b11 mixed mode linux-amd64 compressed oops)
Heap
 PSYoungGen      total 620032K, used 0K [0x00000007d5500000, 0x00000007ffd00000, 0x0000000800000000)
  eden space 547328K, 0% used [0x00000007d5500000,0x00000007d5500000,0x00000007f6b80000)
  from space 72704K, 0% used [0x00000007f6b80000,0x00000007f6b80000,0x00000007fb280000)
  to   space 72192K, 0% used [0x00000007fb680000,0x00000007fb680000,0x00000007ffd00000)
 ParOldGen       total 699392K, used 547800K [0x0000000780000000, 0x00000007aab00000, 0x00000007d5500000)
  object space 699392K, 78% used [0x0000000780000000,0x00000007a16f60a8,0x00000007aab00000)
 PSPermGen       total 425984K, used 308058K [0x0000000740000000, 0x000000075a000000, 0x0000000780000000)
  object space 425984K, 72% used [0x0000000740000000,0x0000000752cd6ae0,0x000000075a000000)
GC Heap History (10 events):
Event: 65,041 GC heap after
Heap after GC invocations=31 (full 0):
 PSYoungGen      total 609280K, used 59104K [0x00000007d5500000, 0x0000000800000000, 0x0000000800000000)
  eden space 549888K, 0% used [0x00000007d5500000,0x00000007d5500000,0x00000007f6e00000)
  from space 59392K, 99% used [0x00000007f6e00000,0x00000007fa7b8000,0x00000007fa800000)
  to   space 78848K, 0% used [0x00000007fb300000,0x00000007fb300000,0x0000000800000000)
 ParOldGen       total 699392K, used 551206K [0x0000000780000000, 0x00000007aab00000, 0x00000007d5500000)
  object space 699392K, 78% used [0x0000000780000000,0x00000007a1a49b20,0x00000007aab00000)
 PSPermGen       total 361984K, used 361719K [0x0000000740000000, 0x0000000756180000, 0x0000000780000000)
  object space 361984K, 99% used [0x0000000740000000,0x000000075613dca8,0x0000000756180000)
}
Event: 66,883 GC heap before
{Heap before GC invocations=32 (full 0):
 PSYoungGen      total 609280K, used 608992K [0x00000007d5500000, 0x0000000800000000, 0x0000000800000000)
  eden space 549888K, 100% used [0x00000007d5500000,0x00000007f6e00000,0x00000007f6e00000)
  from space 59392K, 99% used [0x00000007f6e00000,0x00000007fa7b8000,0x00000007fa800000)
  to   space 78848K, 0% used [0x00000007fb300000,0x00000007fb300000,0x0000000800000000)
 ParOldGen       total 699392K, used 551206K [0x0000000780000000, 0x00000007aab00000, 0x00000007d5500000)
  object space 699392K, 78% used [0x0000000780000000,0x00000007a1a49b20,0x00000007aab00000)
 PSPermGen       total 373248K, used 373221K [0x0000000740000000, 0x0000000756c80000, 0x0000000780000000)
  object space 373248K, 99% used [0x0000000740000000,0x0000000756c79748,0x0000000756c80000)
Event: 67,058 GC heap after
Heap after GC invocations=32 (full 0):
 PSYoungGen      total 624128K, used 36928K [0x00000007d5500000, 0x0000000800000000, 0x0000000800000000)
  eden space 545280K, 0% used [0x00000007d5500000,0x00000007d5500000,0x00000007f6980000)
  from space 78848K, 46% used [0x00000007fb300000,0x00000007fd710000,0x0000000800000000)
  to   space 75264K, 0% used [0x00000007f6980000,0x00000007f6980000,0x00000007fb300000)
 ParOldGen       total 699392K, used 604059K [0x0000000780000000, 0x00000007aab00000, 0x00000007d5500000)
  object space 699392K, 86% used [0x0000000780000000,0x00000007a4de6c08,0x00000007aab00000)
 PSPermGen       total 373248K, used 373221K [0x0000000740000000, 0x0000000756c80000, 0x0000000780000000)
  object space 373248K, 99% used [0x0000000740000000,0x0000000756c79748,0x0000000756c80000)
}
Event: 68,371 GC heap before
{Heap before GC invocations=33 (full 0):
 PSYoungGen      total 624128K, used 582208K [0x00000007d5500000, 0x0000000800000000, 0x0000000800000000)
  eden space 545280K, 100% used [0x00000007d5500000,0x00000007f6980000,0x00000007f6980000)
  from space 78848K, 46% used [0x00000007fb300000,0x00000007fd710000,0x0000000800000000)
  to   space 75264K, 0% used [0x00000007f6980000,0x00000007f6980000,0x00000007fb300000)
 ParOldGen       total 699392K, used 604059K [0x0000000780000000, 0x00000007aab00000, 0x00000007d5500000)
  object space 699392K, 86% used [0x0000000780000000,0x00000007a4de6c08,0x00000007aab00000)
 PSPermGen       total 393216K, used 393067K [0x0000000740000000, 0x0000000758000000, 0x0000000780000000)
  object space 393216K, 99% used [0x0000000740000000,0x0000000757fdaca8,0x0000000758000000)
Event: 68,466 GC heap after
Heap after GC invocations=33 (full 0):
 PSYoungGen      total 569856K, used 24206K [0x00000007d5500000, 0x00000007ffb80000, 0x0000000800000000)
  eden space 545280K, 0% used [0x00000007d5500000,0x00000007d5500000,0x00000007f6980000)
  from space 24576K, 98% used [0x00000007f6980000,0x00000007f8123b80,0x00000007f8180000)
  to   space 74752K, 0% used [0x00000007fb280000,0x00000007fb280000,0x00000007ffb80000)
 ParOldGen       total 699392K, used 632282K [0x0000000780000000, 0x00000007aab00000, 0x00000007d5500000)
  object space 699392K, 90% used [0x0000000780000000,0x00000007a6976a70,0x00000007aab00000)
 PSPermGen       total 393216K, used 393067K [0x0000000740000000, 0x0000000758000000, 0x0000000780000000)
  object space 393216K, 99% used [0x0000000740000000,0x0000000757fdaca8,0x0000000758000000)
}
Event: 69,787 GC heap before
{Heap before GC invocations=34 (full 0):
 PSYoungGen      total 569856K, used 569486K [0x00000007d5500000, 0x00000007ffb80000, 0x0000000800000000)
  eden space 545280K, 100% used [0x00000007d5500000,0x00000007f6980000,0x00000007f6980000)
  from space 24576K, 98% used [0x00000007f6980000,0x00000007f8123b80,0x00000007f8180000)
  to   space 74752K, 0% used [0x00000007fb280000,0x00000007fb280000,0x00000007ffb80000)
 ParOldGen       total 699392K, used 632282K [0x0000000780000000, 0x00000007aab00000, 0x00000007d5500000)
  object space 699392K, 90% used [0x0000000780000000,0x00000007a6976a70,0x00000007aab00000)
 PSPermGen       total 411136K, used 410696K [0x0000000740000000, 0x0000000759180000, 0x0000000780000000)
  object space 411136K, 99% used [0x0000000740000000,0x0000000759112030,0x0000000759180000)
Event: 69,871 GC heap after
Heap after GC invocations=34 (full 0):
 PSYoungGen      total 622080K, used 26400K [0x00000007d5500000, 0x0000000800000000, 0x0000000800000000)
  eden space 547328K, 0% used [0x00000007d5500000,0x00000007d5500000,0x00000007f6b80000)
  from space 74752K, 35% used [0x00000007fb280000,0x00000007fcc48030,0x00000007ffb80000)
  to   space 72704K, 0% used [0x00000007f6b80000,0x00000007f6b80000,0x00000007fb280000)
 ParOldGen       total 699392K, used 644050K [0x0000000780000000, 0x00000007aab00000, 0x00000007d5500000)
  object space 699392K, 92% used [0x0000000780000000,0x00000007a74f4a70,0x00000007aab00000)
 PSPermGen       total 411136K, used 410696K [0x0000000740000000, 0x0000000759180000, 0x0000000780000000)
  object space 411136K, 99% used [0x0000000740000000,0x0000000759112030,0x0000000759180000)
}
Event: 71,176 GC heap before
{Heap before GC invocations=35 (full 0):
 PSYoungGen      total 622080K, used 573728K [0x00000007d5500000, 0x0000000800000000, 0x0000000800000000)
  eden space 547328K, 100% used [0x00000007d5500000,0x00000007f6b80000,0x00000007f6b80000)
  from space 74752K, 35% used [0x00000007fb280000,0x00000007fcc48030,0x00000007ffb80000)
  to   space 72704K, 0% used [0x00000007f6b80000,0x00000007f6b80000,0x00000007fb280000)
 ParOldGen       total 699392K, used 644050K [0x0000000780000000, 0x00000007aab00000, 0x00000007d5500000)
  object space 699392K, 92% used [0x0000000780000000,0x00000007a74f4a70,0x00000007aab00000)
 PSPermGen       total 425984K, used 425689K [0x0000000740000000, 0x000000075a000000, 0x0000000780000000)
  object space 425984K, 99% used [0x0000000740000000,0x0000000759fb6520,0x000000075a000000)
Event: 71,252 GC heap after
Heap after GC invocations=35 (full 0):
 PSYoungGen      total 620032K, used 19792K [0x00000007d5500000, 0x00000007ffd00000, 0x0000000800000000)
  eden space 547328K, 0% used [0x00000007d5500000,0x00000007d5500000,0x00000007f6b80000)
  from space 72704K, 27% used [0x00000007f6b80000,0x00000007f7ed4010,0x00000007fb280000)
  to   space 72192K, 0% used [0x00000007fb680000,0x00000007fb680000,0x00000007ffd00000)
 ParOldGen       total 699392K, used 658243K [0x0000000780000000, 0x00000007aab00000, 0x00000007d5500000)
  object space 699392K, 94% used [0x0000000780000000,0x00000007a82d0c00,0x00000007aab00000)
 PSPermGen       total 425984K, used 425689K [0x0000000740000000, 0x000000075a000000, 0x0000000780000000)
  object space 425984K, 99% used [0x0000000740000000,0x0000000759fb6520,0x000000075a000000)
}
Event: 71,252 GC heap before
{Heap before GC invocations=36 (full 1):
 PSYoungGen      total 620032K, used 19792K [0x00000007d5500000, 0x00000007ffd00000, 0x0000000800000000)
  eden space 547328K, 0% used [0x00000007d5500000,0x00000007d5500000,0x00000007f6b80000)
  from space 72704K, 27% used [0x00000007f6b80000,0x00000007f7ed4010,0x00000007fb280000)
  to   space 72192K, 0% used [0x00000007fb680000,0x00000007fb680000,0x00000007ffd00000)
 ParOldGen       total 699392K, used 658243K [0x0000000780000000, 0x00000007aab00000, 0x00000007d5500000)
  object space 699392K, 94% used [0x0000000780000000,0x00000007a82d0c00,0x00000007aab00000)
 PSPermGen       total 425984K, used 425689K [0x0000000740000000, 0x000000075a000000, 0x0000000780000000)
  object space 425984K, 99% used [0x0000000740000000,0x0000000759fb6520,0x000000075a000000)

