# JRE version: Java(TM) SE Runtime Environment (7.0_80-b15) (build 1.7.0_80-b15)
# Java VM: Java HotSpot(TM) 64-Bit Server VM (24.80-b11 mixed mode linux-amd64 compressed oops)
Heap
 PSYoungGen      total 284672K, used 227840K [0x00000000eaa80000, 0x0000000100000000, 0x0000000100000000)
  eden space 227840K, 100% used [0x00000000eaa80000,0x00000000f8900000,0x00000000f8900000)
  from space 56832K, 0% used [0x00000000fc880000,0x00000000fc880000,0x0000000100000000)
  to   space 60928K, 0% used [0x00000000f8900000,0x00000000f8900000,0x00000000fc480000)
 ParOldGen       total 699392K, used 676841K [0x00000000bff80000, 0x00000000eaa80000, 0x00000000eaa80000)
  object space 699392K, 96% used [0x00000000bff80000,0x00000000e947a5c0,0x00000000eaa80000)
 PSPermGen       total 524288K, used 209395K [0x000000009ff80000, 0x00000000bff80000, 0x00000000bff80000)
  object space 524288K, 39% used [0x000000009ff80000,0x00000000acbfcf10,0x00000000bff80000)
GC Heap History (10 events):
Event: 966,820 GC heap after
Heap after GC invocations=101 (full 3):
 PSYoungGen      total 284672K, used 0K [0x00000000eaa80000, 0x0000000100000000, 0x0000000100000000)
  eden space 227840K, 0% used [0x00000000eaa80000,0x00000000eaa80000,0x00000000f8900000)
  from space 56832K, 0% used [0x00000000fc880000,0x00000000fc880000,0x0000000100000000)
  to   space 60928K, 0% used [0x00000000f8900000,0x00000000f8900000,0x00000000fc480000)
 ParOldGen       total 699392K, used 671300K [0x00000000bff80000, 0x00000000eaa80000, 0x00000000eaa80000)
  object space 699392K, 95% used [0x00000000bff80000,0x00000000e8f11398,0x00000000eaa80000)
 PSPermGen       total 524288K, used 205486K [0x000000009ff80000, 0x00000000bff80000, 0x00000000bff80000)
  object space 524288K, 39% used [0x000000009ff80000,0x00000000ac82b8b0,0x00000000bff80000)
}
Event: 968,705 GC heap before
{Heap before GC invocations=102 (full 4):
 PSYoungGen      total 284672K, used 227840K [0x00000000eaa80000, 0x0000000100000000, 0x0000000100000000)
  eden space 227840K, 100% used [0x00000000eaa80000,0x00000000f8900000,0x00000000f8900000)
  from space 56832K, 0% used [0x00000000fc880000,0x00000000fc880000,0x0000000100000000)
  to   space 60928K, 0% used [0x00000000f8900000,0x00000000f8900000,0x00000000fc480000)
 ParOldGen       total 699392K, used 671300K [0x00000000bff80000, 0x00000000eaa80000, 0x00000000eaa80000)
  object space 699392K, 95% used [0x00000000bff80000,0x00000000e8f11398,0x00000000eaa80000)
 PSPermGen       total 524288K, used 206256K [0x000000009ff80000, 0x00000000bff80000, 0x00000000bff80000)
  object space 524288K, 39% used [0x000000009ff80000,0x00000000ac8ec0c8,0x00000000bff80000)
Event: 969,420 GC heap after
Heap after GC invocations=102 (full 4):
 PSYoungGen      total 284672K, used 0K [0x00000000eaa80000, 0x0000000100000000, 0x0000000100000000)
  eden space 227840K, 0% used [0x00000000eaa80000,0x00000000eaa80000,0x00000000f8900000)
  from space 56832K, 0% used [0x00000000fc880000,0x00000000fc880000,0x0000000100000000)
  to   space 60928K, 0% used [0x00000000f8900000,0x00000000f8900000,0x00000000fc480000)
 ParOldGen       total 699392K, used 669876K [0x00000000bff80000, 0x00000000eaa80000, 0x00000000eaa80000)
  object space 699392K, 95% used [0x00000000bff80000,0x00000000e8dad370,0x00000000eaa80000)
 PSPermGen       total 524288K, used 206253K [0x000000009ff80000, 0x00000000bff80000, 0x00000000bff80000)
  object space 524288K, 39% used [0x000000009ff80000,0x00000000ac8eb488,0x00000000bff80000)
}
Event: 971,341 GC heap before
{Heap before GC invocations=103 (full 5):
 PSYoungGen      total 284672K, used 227840K [0x00000000eaa80000, 0x0000000100000000, 0x0000000100000000)
  eden space 227840K, 100% used [0x00000000eaa80000,0x00000000f8900000,0x00000000f8900000)
  from space 56832K, 0% used [0x00000000fc880000,0x00000000fc880000,0x0000000100000000)
  to   space 60928K, 0% used [0x00000000f8900000,0x00000000f8900000,0x00000000fc480000)
 ParOldGen       total 699392K, used 669876K [0x00000000bff80000, 0x00000000eaa80000, 0x00000000eaa80000)
  object space 699392K, 95% used [0x00000000bff80000,0x00000000e8dad370,0x00000000eaa80000)
 PSPermGen       total 524288K, used 207776K [0x000000009ff80000, 0x00000000bff80000, 0x00000000bff80000)
  object space 524288K, 39% used [0x000000009ff80000,0x00000000aca68368,0x00000000bff80000)
Event: 972,181 GC heap after
Heap after GC invocations=103 (full 5):
 PSYoungGen      total 284672K, used 0K [0x00000000eaa80000, 0x0000000100000000, 0x0000000100000000)
  eden space 227840K, 0% used [0x00000000eaa80000,0x00000000eaa80000,0x00000000f8900000)
  from space 56832K, 0% used [0x00000000fc880000,0x00000000fc880000,0x0000000100000000)
  to   space 60928K, 0% used [0x00000000f8900000,0x00000000f8900000,0x00000000fc480000)
 ParOldGen       total 699392K, used 673236K [0x00000000bff80000, 0x00000000eaa80000, 0x00000000eaa80000)
  object space 699392K, 96% used [0x00000000bff80000,0x00000000e90f5118,0x00000000eaa80000)
 PSPermGen       total 524288K, used 207767K [0x000000009ff80000, 0x00000000bff80000, 0x00000000bff80000)
  object space 524288K, 39% used [0x000000009ff80000,0x00000000aca65db8,0x00000000bff80000)
}
Event: 1157,983 GC heap before
{Heap before GC invocations=104 (full 6):
 PSYoungGen      total 284672K, used 227840K [0x00000000eaa80000, 0x0000000100000000, 0x0000000100000000)
  eden space 227840K, 100% used [0x00000000eaa80000,0x00000000f8900000,0x00000000f8900000)
  from space 56832K, 0% used [0x00000000fc880000,0x00000000fc880000,0x0000000100000000)
  to   space 60928K, 0% used [0x00000000f8900000,0x00000000f8900000,0x00000000fc480000)
 ParOldGen       total 699392K, used 673236K [0x00000000bff80000, 0x00000000eaa80000, 0x00000000eaa80000)
  object space 699392K, 96% used [0x00000000bff80000,0x00000000e90f5118,0x00000000eaa80000)
 PSPermGen       total 524288K, used 209106K [0x000000009ff80000, 0x00000000bff80000, 0x00000000bff80000)
  object space 524288K, 39% used [0x000000009ff80000,0x00000000acbb4bd0,0x00000000bff80000)
Event: 1159,898 GC heap after
Heap after GC invocations=104 (full 6):
 PSYoungGen      total 284672K, used 0K [0x00000000eaa80000, 0x0000000100000000, 0x0000000100000000)
  eden space 227840K, 0% used [0x00000000eaa80000,0x00000000eaa80000,0x00000000f8900000)
  from space 56832K, 0% used [0x00000000fc880000,0x00000000fc880000,0x0000000100000000)
  to   space 60928K, 0% used [0x00000000f8900000,0x00000000f8900000,0x00000000fc480000)
 ParOldGen       total 699392K, used 676242K [0x00000000bff80000, 0x00000000eaa80000, 0x00000000eaa80000)
  object space 699392K, 96% used [0x00000000bff80000,0x00000000e93e4830,0x00000000eaa80000)
 PSPermGen       total 524288K, used 209070K [0x000000009ff80000, 0x00000000bff80000, 0x00000000bff80000)
  object space 524288K, 39% used [0x000000009ff80000,0x00000000acbabbd0,0x00000000bff80000)
}
Event: 1701,113 GC heap before
{Heap before GC invocations=105 (full 7):
 PSYoungGen      total 284672K, used 227840K [0x00000000eaa80000, 0x0000000100000000, 0x0000000100000000)
  eden space 227840K, 100% used [0x00000000eaa80000,0x00000000f8900000,0x00000000f8900000)
  from space 56832K, 0% used [0x00000000fc880000,0x00000000fc880000,0x0000000100000000)
  to   space 60928K, 0% used [0x00000000f8900000,0x00000000f8900000,0x00000000fc480000)
 ParOldGen       total 699392K, used 676242K [0x00000000bff80000, 0x00000000eaa80000, 0x00000000eaa80000)
  object space 699392K, 96% used [0x00000000bff80000,0x00000000e93e4830,0x00000000eaa80000)
 PSPermGen       total 524288K, used 209217K [0x000000009ff80000, 0x00000000bff80000, 0x00000000bff80000)
  object space 524288K, 39% used [0x000000009ff80000,0x00000000acbd0408,0x00000000bff80000)
Event: 1703,239 GC heap after
Heap after GC invocations=105 (full 7):
 PSYoungGen      total 284672K, used 0K [0x00000000eaa80000, 0x0000000100000000, 0x0000000100000000)
  eden space 227840K, 0% used [0x00000000eaa80000,0x00000000eaa80000,0x00000000f8900000)
  from space 56832K, 0% used [0x00000000fc880000,0x00000000fc880000,0x0000000100000000)
  to   space 60928K, 0% used [0x00000000f8900000,0x00000000f8900000,0x00000000fc480000)
 ParOldGen       total 699392K, used 676841K [0x00000000bff80000, 0x00000000eaa80000, 0x00000000eaa80000)
  object space 699392K, 96% used [0x00000000bff80000,0x00000000e947a5c0,0x00000000eaa80000)
 PSPermGen       total 524288K, used 209215K [0x000000009ff80000, 0x00000000bff80000, 0x00000000bff80000)
  object space 524288K, 39% used [0x000000009ff80000,0x00000000acbcfe88,0x00000000bff80000)
}
Event: 2108,240 GC heap before
{Heap before GC invocations=106 (full 8):
 PSYoungGen      total 284672K, used 227840K [0x00000000eaa80000, 0x0000000100000000, 0x0000000100000000)
  eden space 227840K, 100% used [0x00000000eaa80000,0x00000000f8900000,0x00000000f8900000)
  from space 56832K, 0% used [0x00000000fc880000,0x00000000fc880000,0x0000000100000000)
  to   space 60928K, 0% used [0x00000000f8900000,0x00000000f8900000,0x00000000fc480000)
 ParOldGen       total 699392K, used 676841K [0x00000000bff80000, 0x00000000eaa80000, 0x00000000eaa80000)
  object space 699392K, 96% used [0x00000000bff80000,0x00000000e947a5c0,0x00000000eaa80000)
 PSPermGen       total 524288K, used 209395K [0x000000009ff80000, 0x00000000bff80000, 0x00000000bff80000)
  object space 524288K, 39% used [0x000000009ff80000,0x00000000acbfcf10,0x00000000bff80000)

