# JRE version: Java(TM) SE Runtime Environment (7.0_80-b15) (build 1.7.0_80-b15)
# Java VM: Java HotSpot(TM) 64-Bit Server VM (24.80-b11 mixed mode linux-amd64 compressed oops)
Heap
 PSYoungGen      total 337920K, used 334072K [0x00000000eaa80000, 0x0000000100000000, 0x0000000100000000)
  eden space 327168K, 100% used [0x00000000eaa80000,0x00000000fea00000,0x00000000fea00000)
  from space 10752K, 64% used [0x00000000ff580000,0x00000000ffc3e1a8,0x0000000100000000)
  to   space 11264K, 100% used [0x00000000fea00000,0x00000000ff500000,0x00000000ff500000)
 ParOldGen       total 699392K, used 699384K [0x00000000bff80000, 0x00000000eaa80000, 0x00000000eaa80000)
  object space 699392K, 99% used [0x00000000bff80000,0x00000000eaa7e0b8,0x00000000eaa80000)
 PSPermGen       total 408064K, used 407739K [0x000000009ff80000, 0x00000000b8e00000, 0x00000000bff80000)
  object space 408064K, 99% used [0x000000009ff80000,0x00000000b8daec48,0x00000000b8e00000)
GC Heap History (10 events):
Event: 2029,501 GC heap after
Heap after GC invocations=95 (full 0):
 PSYoungGen      total 339456K, used 6851K [0x00000000eaa80000, 0x0000000100000000, 0x0000000100000000)
  eden space 332288K, 0% used [0x00000000eaa80000,0x00000000eaa80000,0x00000000fef00000)
  from space 7168K, 95% used [0x00000000fef00000,0x00000000ff5b0c10,0x00000000ff600000)
  to   space 9728K, 0% used [0x00000000ff680000,0x00000000ff680000,0x0000000100000000)
 ParOldGen       total 699392K, used 682361K [0x00000000bff80000, 0x00000000eaa80000, 0x00000000eaa80000)
  object space 699392K, 97% used [0x00000000bff80000,0x00000000e99de438,0x00000000eaa80000)
 PSPermGen       total 404992K, used 404612K [0x000000009ff80000, 0x00000000b8b00000, 0x00000000bff80000)
  object space 404992K, 99% used [0x000000009ff80000,0x00000000b8aa13a0,0x00000000b8b00000)
}
Event: 2946,125 GC heap before
{Heap before GC invocations=96 (full 0):
 PSYoungGen      total 339456K, used 339139K [0x00000000eaa80000, 0x0000000100000000, 0x0000000100000000)
  eden space 332288K, 100% used [0x00000000eaa80000,0x00000000fef00000,0x00000000fef00000)
  from space 7168K, 95% used [0x00000000fef00000,0x00000000ff5b0c10,0x00000000ff600000)
  to   space 9728K, 0% used [0x00000000ff680000,0x00000000ff680000,0x0000000100000000)
 ParOldGen       total 699392K, used 682361K [0x00000000bff80000, 0x00000000eaa80000, 0x00000000eaa80000)
  object space 699392K, 97% used [0x00000000bff80000,0x00000000e99de438,0x00000000eaa80000)
 PSPermGen       total 404992K, used 404637K [0x000000009ff80000, 0x00000000b8b00000, 0x00000000bff80000)
  object space 404992K, 99% used [0x000000009ff80000,0x00000000b8aa7500,0x00000000b8b00000)
Event: 2946,148 GC heap after
Heap after GC invocations=96 (full 0):
 PSYoungGen      total 339968K, used 4529K [0x00000000eaa80000, 0x0000000100000000, 0x0000000100000000)
  eden space 330240K, 0% used [0x00000000eaa80000,0x00000000eaa80000,0x00000000fed00000)
  from space 9728K, 46% used [0x00000000ff680000,0x00000000ffaec750,0x0000000100000000)
  to   space 9728K, 0% used [0x00000000fed00000,0x00000000fed00000,0x00000000ff680000)
 ParOldGen       total 699392K, used 685187K [0x00000000bff80000, 0x00000000eaa80000, 0x00000000eaa80000)
  object space 699392K, 97% used [0x00000000bff80000,0x00000000e9ca0f78,0x00000000eaa80000)
 PSPermGen       total 404992K, used 404637K [0x000000009ff80000, 0x00000000b8b00000, 0x00000000bff80000)
  object space 404992K, 99% used [0x000000009ff80000,0x00000000b8aa7500,0x00000000b8b00000)
}
Event: 3713,411 GC heap before
{Heap before GC invocations=97 (full 0):
 PSYoungGen      total 339968K, used 334769K [0x00000000eaa80000, 0x0000000100000000, 0x0000000100000000)
  eden space 330240K, 100% used [0x00000000eaa80000,0x00000000fed00000,0x00000000fed00000)
  from space 9728K, 46% used [0x00000000ff680000,0x00000000ffaec750,0x0000000100000000)
  to   space 9728K, 0% used [0x00000000fed00000,0x00000000fed00000,0x00000000ff680000)
 ParOldGen       total 699392K, used 685187K [0x00000000bff80000, 0x00000000eaa80000, 0x00000000eaa80000)
  object space 699392K, 97% used [0x00000000bff80000,0x00000000e9ca0f78,0x00000000eaa80000)
 PSPermGen       total 404992K, used 404717K [0x000000009ff80000, 0x00000000b8b00000, 0x00000000bff80000)
  object space 404992K, 99% used [0x000000009ff80000,0x00000000b8abb5c8,0x00000000b8b00000)
Event: 3713,434 GC heap after
Heap after GC invocations=97 (full 0):
 PSYoungGen      total 336896K, used 6422K [0x00000000eaa80000, 0x0000000100000000, 0x0000000100000000)
  eden space 330240K, 0% used [0x00000000eaa80000,0x00000000eaa80000,0x00000000fed00000)
  from space 6656K, 96% used [0x00000000fed00000,0x00000000ff345990,0x00000000ff380000)
  to   space 10752K, 0% used [0x00000000ff580000,0x00000000ff580000,0x0000000100000000)
 ParOldGen       total 699392K, used 687077K [0x00000000bff80000, 0x00000000eaa80000, 0x00000000eaa80000)
  object space 699392K, 98% used [0x00000000bff80000,0x00000000e9e79718,0x00000000eaa80000)
 PSPermGen       total 404992K, used 404717K [0x000000009ff80000, 0x00000000b8b00000, 0x00000000bff80000)
  object space 404992K, 99% used [0x000000009ff80000,0x00000000b8abb5c8,0x00000000b8b00000)
}
Event: 4500,480 GC heap before
{Heap before GC invocations=98 (full 0):
 PSYoungGen      total 336896K, used 336662K [0x00000000eaa80000, 0x0000000100000000, 0x0000000100000000)
  eden space 330240K, 100% used [0x00000000eaa80000,0x00000000fed00000,0x00000000fed00000)
  from space 6656K, 96% used [0x00000000fed00000,0x00000000ff345990,0x00000000ff380000)
  to   space 10752K, 0% used [0x00000000ff580000,0x00000000ff580000,0x0000000100000000)
 ParOldGen       total 699392K, used 687077K [0x00000000bff80000, 0x00000000eaa80000, 0x00000000eaa80000)
  object space 699392K, 98% used [0x00000000bff80000,0x00000000e9e79718,0x00000000eaa80000)
 PSPermGen       total 405504K, used 405178K [0x000000009ff80000, 0x00000000b8b80000, 0x00000000bff80000)
  object space 405504K, 99% used [0x000000009ff80000,0x00000000b8b2e888,0x00000000b8b80000)
Event: 4500,503 GC heap after
Heap after GC invocations=98 (full 0):
 PSYoungGen      total 337920K, used 6904K [0x00000000eaa80000, 0x0000000100000000, 0x0000000100000000)
  eden space 327168K, 0% used [0x00000000eaa80000,0x00000000eaa80000,0x00000000fea00000)
  from space 10752K, 64% used [0x00000000ff580000,0x00000000ffc3e1a8,0x0000000100000000)
  to   space 11264K, 0% used [0x00000000fea00000,0x00000000fea00000,0x00000000ff500000)
 ParOldGen       total 699392K, used 689797K [0x00000000bff80000, 0x00000000eaa80000, 0x00000000eaa80000)
  object space 699392K, 98% used [0x00000000bff80000,0x00000000ea121540,0x00000000eaa80000)
 PSPermGen       total 405504K, used 405178K [0x000000009ff80000, 0x00000000b8b80000, 0x00000000bff80000)
  object space 405504K, 99% used [0x000000009ff80000,0x00000000b8b2e888,0x00000000b8b80000)
}
Event: 4504,594 GC heap before
{Heap before GC invocations=99 (full 0):
 PSYoungGen      total 337920K, used 334072K [0x00000000eaa80000, 0x0000000100000000, 0x0000000100000000)
  eden space 327168K, 100% used [0x00000000eaa80000,0x00000000fea00000,0x00000000fea00000)
  from space 10752K, 64% used [0x00000000ff580000,0x00000000ffc3e1a8,0x0000000100000000)
  to   space 11264K, 0% used [0x00000000fea00000,0x00000000fea00000,0x00000000ff500000)
 ParOldGen       total 699392K, used 689797K [0x00000000bff80000, 0x00000000eaa80000, 0x00000000eaa80000)
  object space 699392K, 98% used [0x00000000bff80000,0x00000000ea121540,0x00000000eaa80000)
 PSPermGen       total 408064K, used 407739K [0x000000009ff80000, 0x00000000b8e00000, 0x00000000bff80000)
  object space 408064K, 99% used [0x000000009ff80000,0x00000000b8daec48,0x00000000b8e00000)
Event: 4504,771 GC heap after
Heap after GC invocations=99 (full 0):
 PSYoungGen      total 337920K, used 334072K [0x00000000eaa80000, 0x0000000100000000, 0x0000000100000000)
  eden space 327168K, 100% used [0x00000000eaa80000,0x00000000fea00000,0x00000000fea00000)
  from space 10752K, 64% used [0x00000000ff580000,0x00000000ffc3e1a8,0x0000000100000000)
  to   space 11264K, 100% used [0x00000000fea00000,0x00000000ff500000,0x00000000ff500000)
 ParOldGen       total 699392K, used 699384K [0x00000000bff80000, 0x00000000eaa80000, 0x00000000eaa80000)
  object space 699392K, 99% used [0x00000000bff80000,0x00000000eaa7e0b8,0x00000000eaa80000)
 PSPermGen       total 408064K, used 407739K [0x000000009ff80000, 0x00000000b8e00000, 0x00000000bff80000)
  object space 408064K, 99% used [0x000000009ff80000,0x00000000b8daec48,0x00000000b8e00000)
}
Event: 4504,774 GC heap before
{Heap before GC invocations=100 (full 1):
 PSYoungGen      total 337920K, used 334072K [0x00000000eaa80000, 0x0000000100000000, 0x0000000100000000)
  eden space 327168K, 100% used [0x00000000eaa80000,0x00000000fea00000,0x00000000fea00000)
  from space 10752K, 64% used [0x00000000ff580000,0x00000000ffc3e1a8,0x0000000100000000)
  to   space 11264K, 100% used [0x00000000fea00000,0x00000000ff500000,0x00000000ff500000)
 ParOldGen       total 699392K, used 699384K [0x00000000bff80000, 0x00000000eaa80000, 0x00000000eaa80000)
  object space 699392K, 99% used [0x00000000bff80000,0x00000000eaa7e0b8,0x00000000eaa80000)
 PSPermGen       total 408064K, used 407739K [0x000000009ff80000, 0x00000000b8e00000, 0x00000000bff80000)
  object space 408064K, 99% used [0x000000009ff80000,0x00000000b8daec48,0x00000000b8e00000)

