# JRE version: Java(TM) SE Runtime Environment (7.0_80-b15) (build 1.7.0_80-b15)
# Java VM: Java HotSpot(TM) 64-Bit Server VM (24.80-b11 mixed mode linux-amd64 compressed oops)
Heap
 PSYoungGen      total 288256K, used 42183K [0x00000000eaa80000, 0x0000000100000000, 0x0000000100000000)
  eden space 230912K, 0% used [0x00000000eaa80000,0x00000000eaa80000,0x00000000f8c00000)
  from space 57344K, 73% used [0x00000000fc800000,0x00000000ff131d68,0x0000000100000000)
  to   space 59392K, 0% used [0x00000000f8c00000,0x00000000f8c00000,0x00000000fc600000)
 ParOldGen       total 699392K, used 694844K [0x00000000bff80000, 0x00000000eaa80000, 0x00000000eaa80000)
  object space 699392K, 99% used [0x00000000bff80000,0x00000000ea60f2b0,0x00000000eaa80000)
 PSPermGen       total 524288K, used 419893K [0x000000009ff80000, 0x00000000bff80000, 0x00000000bff80000)
  object space 524288K, 80% used [0x000000009ff80000,0x00000000b998d658,0x00000000bff80000)
GC Heap History (10 events):
Event: 1031,136 GC heap after
Heap after GC invocations=123 (full 1):
 PSYoungGen      total 296448K, used 33419K [0x00000000eaa80000, 0x0000000100000000, 0x0000000100000000)
  eden space 245248K, 0% used [0x00000000eaa80000,0x00000000eaa80000,0x00000000f9a00000)
  from space 51200K, 65% used [0x00000000fce00000,0x00000000feea2ce8,0x0000000100000000)
  to   space 52224K, 0% used [0x00000000f9a00000,0x00000000f9a00000,0x00000000fcd00000)
 ParOldGen       total 699392K, used 550037K [0x00000000bff80000, 0x00000000eaa80000, 0x00000000eaa80000)
  object space 699392K, 78% used [0x00000000bff80000,0x00000000e18a5440,0x00000000eaa80000)
 PSPermGen       total 524288K, used 410734K [0x000000009ff80000, 0x00000000bff80000, 0x00000000bff80000)
  object space 524288K, 78% used [0x000000009ff80000,0x00000000b909b958,0x00000000bff80000)
}
Event: 1031,650 GC heap before
{Heap before GC invocations=124 (full 1):
 PSYoungGen      total 296448K, used 278667K [0x00000000eaa80000, 0x0000000100000000, 0x0000000100000000)
  eden space 245248K, 100% used [0x00000000eaa80000,0x00000000f9a00000,0x00000000f9a00000)
  from space 51200K, 65% used [0x00000000fce00000,0x00000000feea2ce8,0x0000000100000000)
  to   space 52224K, 0% used [0x00000000f9a00000,0x00000000f9a00000,0x00000000fcd00000)
 ParOldGen       total 699392K, used 550037K [0x00000000bff80000, 0x00000000eaa80000, 0x00000000eaa80000)
  object space 699392K, 78% used [0x00000000bff80000,0x00000000e18a5440,0x00000000eaa80000)
 PSPermGen       total 524288K, used 411151K [0x000000009ff80000, 0x00000000bff80000, 0x00000000bff80000)
  object space 524288K, 78% used [0x000000009ff80000,0x00000000b9103e88,0x00000000bff80000)
Event: 1031,710 GC heap after
Heap after GC invocations=124 (full 1):
 PSYoungGen      total 288768K, used 43152K [0x00000000eaa80000, 0x0000000100000000, 0x0000000100000000)
  eden space 245248K, 0% used [0x00000000eaa80000,0x00000000eaa80000,0x00000000f9a00000)
  from space 43520K, 99% used [0x00000000f9a00000,0x00000000fc424020,0x00000000fc480000)
  to   space 56320K, 0% used [0x00000000fc900000,0x00000000fc900000,0x0000000100000000)
 ParOldGen       total 699392K, used 580669K [0x00000000bff80000, 0x00000000eaa80000, 0x00000000eaa80000)
  object space 699392K, 83% used [0x00000000bff80000,0x00000000e368f5e8,0x00000000eaa80000)
 PSPermGen       total 524288K, used 411151K [0x000000009ff80000, 0x00000000bff80000, 0x00000000bff80000)
  object space 524288K, 78% used [0x000000009ff80000,0x00000000b9103e88,0x00000000bff80000)
}
Event: 1032,176 GC heap before
{Heap before GC invocations=125 (full 1):
 PSYoungGen      total 288768K, used 288400K [0x00000000eaa80000, 0x0000000100000000, 0x0000000100000000)
  eden space 245248K, 100% used [0x00000000eaa80000,0x00000000f9a00000,0x00000000f9a00000)
  from space 43520K, 99% used [0x00000000f9a00000,0x00000000fc424020,0x00000000fc480000)
  to   space 56320K, 0% used [0x00000000fc900000,0x00000000fc900000,0x0000000100000000)
 ParOldGen       total 699392K, used 580669K [0x00000000bff80000, 0x00000000eaa80000, 0x00000000eaa80000)
  object space 699392K, 83% used [0x00000000bff80000,0x00000000e368f5e8,0x00000000eaa80000)
 PSPermGen       total 524288K, used 412252K [0x000000009ff80000, 0x00000000bff80000, 0x00000000bff80000)
  object space 524288K, 78% used [0x000000009ff80000,0x00000000b92170d8,0x00000000bff80000)
Event: 1032,232 GC heap after
Heap after GC invocations=125 (full 1):
 PSYoungGen      total 291328K, used 37600K [0x00000000eaa80000, 0x0000000100000000, 0x0000000100000000)
  eden space 235008K, 0% used [0x00000000eaa80000,0x00000000eaa80000,0x00000000f9000000)
  from space 56320K, 66% used [0x00000000fc900000,0x00000000fedb8020,0x0000000100000000)
  to   space 57344K, 0% used [0x00000000f9000000,0x00000000f9000000,0x00000000fc800000)
 ParOldGen       total 699392K, used 622442K [0x00000000bff80000, 0x00000000eaa80000, 0x00000000eaa80000)
  object space 699392K, 88% used [0x00000000bff80000,0x00000000e5f5a9b0,0x00000000eaa80000)
 PSPermGen       total 524288K, used 412252K [0x000000009ff80000, 0x00000000bff80000, 0x00000000bff80000)
  object space 524288K, 78% used [0x000000009ff80000,0x00000000b92170d8,0x00000000bff80000)
}
Event: 1034,258 GC heap before
{Heap before GC invocations=126 (full 1):
 PSYoungGen      total 291328K, used 272608K [0x00000000eaa80000, 0x0000000100000000, 0x0000000100000000)
  eden space 235008K, 100% used [0x00000000eaa80000,0x00000000f9000000,0x00000000f9000000)
  from space 56320K, 66% used [0x00000000fc900000,0x00000000fedb8020,0x0000000100000000)
  to   space 57344K, 0% used [0x00000000f9000000,0x00000000f9000000,0x00000000fc800000)
 ParOldGen       total 699392K, used 622442K [0x00000000bff80000, 0x00000000eaa80000, 0x00000000eaa80000)
  object space 699392K, 88% used [0x00000000bff80000,0x00000000e5f5a9b0,0x00000000eaa80000)
 PSPermGen       total 524288K, used 413448K [0x000000009ff80000, 0x00000000bff80000, 0x00000000bff80000)
  object space 524288K, 78% used [0x000000009ff80000,0x00000000b9342308,0x00000000bff80000)
Event: 1034,313 GC heap after
Heap after GC invocations=126 (full 1):
 PSYoungGen      total 292352K, used 35808K [0x00000000eaa80000, 0x0000000100000000, 0x0000000100000000)
  eden space 235008K, 0% used [0x00000000eaa80000,0x00000000eaa80000,0x00000000f9000000)
  from space 57344K, 62% used [0x00000000f9000000,0x00000000fb2f8000,0x00000000fc800000)
  to   space 57344K, 0% used [0x00000000fc800000,0x00000000fc800000,0x0000000100000000)
 ParOldGen       total 699392K, used 658678K [0x00000000bff80000, 0x00000000eaa80000, 0x00000000eaa80000)
  object space 699392K, 94% used [0x00000000bff80000,0x00000000e82bd968,0x00000000eaa80000)
 PSPermGen       total 524288K, used 413448K [0x000000009ff80000, 0x00000000bff80000, 0x00000000bff80000)
  object space 524288K, 78% used [0x000000009ff80000,0x00000000b9342308,0x00000000bff80000)
}
Event: 1037,125 GC heap before
{Heap before GC invocations=127 (full 1):
 PSYoungGen      total 292352K, used 270816K [0x00000000eaa80000, 0x0000000100000000, 0x0000000100000000)
  eden space 235008K, 100% used [0x00000000eaa80000,0x00000000f9000000,0x00000000f9000000)
  from space 57344K, 62% used [0x00000000f9000000,0x00000000fb2f8000,0x00000000fc800000)
  to   space 57344K, 0% used [0x00000000fc800000,0x00000000fc800000,0x0000000100000000)
 ParOldGen       total 699392K, used 658678K [0x00000000bff80000, 0x00000000eaa80000, 0x00000000eaa80000)
  object space 699392K, 94% used [0x00000000bff80000,0x00000000e82bd968,0x00000000eaa80000)
 PSPermGen       total 524288K, used 419893K [0x000000009ff80000, 0x00000000bff80000, 0x00000000bff80000)
  object space 524288K, 80% used [0x000000009ff80000,0x00000000b998d658,0x00000000bff80000)
Event: 1037,180 GC heap after
Heap after GC invocations=127 (full 1):
 PSYoungGen      total 288256K, used 42183K [0x00000000eaa80000, 0x0000000100000000, 0x0000000100000000)
  eden space 230912K, 0% used [0x00000000eaa80000,0x00000000eaa80000,0x00000000f8c00000)
  from space 57344K, 73% used [0x00000000fc800000,0x00000000ff131d68,0x0000000100000000)
  to   space 59392K, 0% used [0x00000000f8c00000,0x00000000f8c00000,0x00000000fc600000)
 ParOldGen       total 699392K, used 694844K [0x00000000bff80000, 0x00000000eaa80000, 0x00000000eaa80000)
  object space 699392K, 99% used [0x00000000bff80000,0x00000000ea60f2b0,0x00000000eaa80000)
 PSPermGen       total 524288K, used 419893K [0x000000009ff80000, 0x00000000bff80000, 0x00000000bff80000)
  object space 524288K, 80% used [0x000000009ff80000,0x00000000b998d658,0x00000000bff80000)
}
Event: 1037,180 GC heap before
{Heap before GC invocations=128 (full 2):
 PSYoungGen      total 288256K, used 42183K [0x00000000eaa80000, 0x0000000100000000, 0x0000000100000000)
  eden space 230912K, 0% used [0x00000000eaa80000,0x00000000eaa80000,0x00000000f8c00000)
  from space 57344K, 73% used [0x00000000fc800000,0x00000000ff131d68,0x0000000100000000)
  to   space 59392K, 0% used [0x00000000f8c00000,0x00000000f8c00000,0x00000000fc600000)
 ParOldGen       total 699392K, used 694844K [0x00000000bff80000, 0x00000000eaa80000, 0x00000000eaa80000)
  object space 699392K, 99% used [0x00000000bff80000,0x00000000ea60f2b0,0x00000000eaa80000)
 PSPermGen       total 524288K, used 419893K [0x000000009ff80000, 0x00000000bff80000, 0x00000000bff80000)
  object space 524288K, 80% used [0x000000009ff80000,0x00000000b998d658,0x00000000bff80000)

