# JRE version: Java(TM) SE Runtime Environment (7.0_80-b15) (build 1.7.0_80-b15)
# Java VM: Java HotSpot(TM) 64-Bit Server VM (24.80-b11 mixed mode linux-amd64 compressed oops)
Heap
 PSYoungGen      total 337920K, used 337904K [0x00000000eaa80000, 0x0000000100000000, 0x0000000100000000)
  eden space 326656K, 100% used [0x00000000eaa80000,0x00000000fe980000,0x00000000fe980000)
  from space 11264K, 99% used [0x00000000fe980000,0x00000000ff47c010,0x00000000ff480000)
  to   space 11776K, 100% used [0x00000000ff480000,0x0000000100000000,0x0000000100000000)
 ParOldGen       total 699392K, used 699390K [0x00000000bff80000, 0x00000000eaa80000, 0x00000000eaa80000)
  object space 699392K, 99% used [0x00000000bff80000,0x00000000eaa7f9d0,0x00000000eaa80000)
 PSPermGen       total 402944K, used 402881K [0x000000009ff80000, 0x00000000b8900000, 0x00000000bff80000)
  object space 402944K, 99% used [0x000000009ff80000,0x00000000b88f0558,0x00000000b8900000)
GC Heap History (10 events):
Event: 150,734 GC heap after
Heap after GC invocations=88 (full 0):
 PSYoungGen      total 337920K, used 848K [0x00000000eaa80000, 0x0000000100000000, 0x0000000100000000)
  eden space 326144K, 0% used [0x00000000eaa80000,0x00000000eaa80000,0x00000000fe900000)
  from space 11776K, 7% used [0x00000000ff480000,0x00000000ff554010,0x0000000100000000)
  to   space 11776K, 0% used [0x00000000fe900000,0x00000000fe900000,0x00000000ff480000)
 ParOldGen       total 699392K, used 657194K [0x00000000bff80000, 0x00000000eaa80000, 0x00000000eaa80000)
  object space 699392K, 93% used [0x00000000bff80000,0x00000000e814a880,0x00000000eaa80000)
 PSPermGen       total 399872K, used 399840K [0x000000009ff80000, 0x00000000b8600000, 0x00000000bff80000)
  object space 399872K, 99% used [0x000000009ff80000,0x00000000b85f8158,0x00000000b8600000)
}
Event: 151,683 GC heap before
{Heap before GC invocations=89 (full 0):
 PSYoungGen      total 337920K, used 326992K [0x00000000eaa80000, 0x0000000100000000, 0x0000000100000000)
  eden space 326144K, 100% used [0x00000000eaa80000,0x00000000fe900000,0x00000000fe900000)
  from space 11776K, 7% used [0x00000000ff480000,0x00000000ff554010,0x0000000100000000)
  to   space 11776K, 0% used [0x00000000fe900000,0x00000000fe900000,0x00000000ff480000)
 ParOldGen       total 699392K, used 657194K [0x00000000bff80000, 0x00000000eaa80000, 0x00000000eaa80000)
  object space 699392K, 93% used [0x00000000bff80000,0x00000000e814a880,0x00000000eaa80000)
 PSPermGen       total 399872K, used 399840K [0x000000009ff80000, 0x00000000b8600000, 0x00000000bff80000)
  object space 399872K, 99% used [0x000000009ff80000,0x00000000b85f8158,0x00000000b8600000)
Event: 151,698 GC heap after
Heap after GC invocations=89 (full 0):
 PSYoungGen      total 337920K, used 384K [0x00000000eaa80000, 0x0000000100000000, 0x0000000100000000)
  eden space 326144K, 0% used [0x00000000eaa80000,0x00000000eaa80000,0x00000000fe900000)
  from space 11776K, 3% used [0x00000000fe900000,0x00000000fe960000,0x00000000ff480000)
  to   space 11776K, 0% used [0x00000000ff480000,0x00000000ff480000,0x0000000100000000)
 ParOldGen       total 699392K, used 657767K [0x00000000bff80000, 0x00000000eaa80000, 0x00000000eaa80000)
  object space 699392K, 94% used [0x00000000bff80000,0x00000000e81d9c00,0x00000000eaa80000)
 PSPermGen       total 399872K, used 399840K [0x000000009ff80000, 0x00000000b8600000, 0x00000000bff80000)
  object space 399872K, 99% used [0x000000009ff80000,0x00000000b85f8158,0x00000000b8600000)
}
Event: 152,684 GC heap before
{Heap before GC invocations=90 (full 0):
 PSYoungGen      total 337920K, used 326528K [0x00000000eaa80000, 0x0000000100000000, 0x0000000100000000)
  eden space 326144K, 100% used [0x00000000eaa80000,0x00000000fe900000,0x00000000fe900000)
  from space 11776K, 3% used [0x00000000fe900000,0x00000000fe960000,0x00000000ff480000)
  to   space 11776K, 0% used [0x00000000ff480000,0x00000000ff480000,0x0000000100000000)
 ParOldGen       total 699392K, used 657767K [0x00000000bff80000, 0x00000000eaa80000, 0x00000000eaa80000)
  object space 699392K, 94% used [0x00000000bff80000,0x00000000e81d9c00,0x00000000eaa80000)
 PSPermGen       total 399872K, used 399841K [0x000000009ff80000, 0x00000000b8600000, 0x00000000bff80000)
  object space 399872K, 99% used [0x000000009ff80000,0x00000000b85f87e8,0x00000000b8600000)
Event: 152,702 GC heap after
Heap after GC invocations=90 (full 0):
 PSYoungGen      total 338432K, used 448K [0x00000000eaa80000, 0x0000000100000000, 0x0000000100000000)
  eden space 326656K, 0% used [0x00000000eaa80000,0x00000000eaa80000,0x00000000fe980000)
  from space 11776K, 3% used [0x00000000ff480000,0x00000000ff4f0000,0x0000000100000000)
  to   space 11264K, 0% used [0x00000000fe980000,0x00000000fe980000,0x00000000ff480000)
 ParOldGen       total 699392K, used 657951K [0x00000000bff80000, 0x00000000eaa80000, 0x00000000eaa80000)
  object space 699392K, 94% used [0x00000000bff80000,0x00000000e8207c10,0x00000000eaa80000)
 PSPermGen       total 399872K, used 399841K [0x000000009ff80000, 0x00000000b8600000, 0x00000000bff80000)
  object space 399872K, 99% used [0x000000009ff80000,0x00000000b85f87e8,0x00000000b8600000)
}
Event: 180,886 GC heap before
{Heap before GC invocations=91 (full 0):
 PSYoungGen      total 338432K, used 327104K [0x00000000eaa80000, 0x0000000100000000, 0x0000000100000000)
  eden space 326656K, 100% used [0x00000000eaa80000,0x00000000fe980000,0x00000000fe980000)
  from space 11776K, 3% used [0x00000000ff480000,0x00000000ff4f0000,0x0000000100000000)
  to   space 11264K, 0% used [0x00000000fe980000,0x00000000fe980000,0x00000000ff480000)
 ParOldGen       total 699392K, used 657951K [0x00000000bff80000, 0x00000000eaa80000, 0x00000000eaa80000)
  object space 699392K, 94% used [0x00000000bff80000,0x00000000e8207c10,0x00000000eaa80000)
 PSPermGen       total 401408K, used 400952K [0x000000009ff80000, 0x00000000b8780000, 0x00000000bff80000)
  object space 401408K, 99% used [0x000000009ff80000,0x00000000b870e160,0x00000000b8780000)
Event: 180,913 GC heap after
Heap after GC invocations=91 (full 0):
 PSYoungGen      total 337920K, used 11248K [0x00000000eaa80000, 0x0000000100000000, 0x0000000100000000)
  eden space 326656K, 0% used [0x00000000eaa80000,0x00000000eaa80000,0x00000000fe980000)
  from space 11264K, 99% used [0x00000000fe980000,0x00000000ff47c010,0x00000000ff480000)
  to   space 11776K, 0% used [0x00000000ff480000,0x00000000ff480000,0x0000000100000000)
 ParOldGen       total 699392K, used 662813K [0x00000000bff80000, 0x00000000eaa80000, 0x00000000eaa80000)
  object space 699392K, 94% used [0x00000000bff80000,0x00000000e86c7418,0x00000000eaa80000)
 PSPermGen       total 401408K, used 400952K [0x000000009ff80000, 0x00000000b8780000, 0x00000000bff80000)
  object space 401408K, 99% used [0x000000009ff80000,0x00000000b870e160,0x00000000b8780000)
}
Event: 185,385 GC heap before
{Heap before GC invocations=92 (full 0):
 PSYoungGen      total 337920K, used 337904K [0x00000000eaa80000, 0x0000000100000000, 0x0000000100000000)
  eden space 326656K, 100% used [0x00000000eaa80000,0x00000000fe980000,0x00000000fe980000)
  from space 11264K, 99% used [0x00000000fe980000,0x00000000ff47c010,0x00000000ff480000)
  to   space 11776K, 0% used [0x00000000ff480000,0x00000000ff480000,0x0000000100000000)
 ParOldGen       total 699392K, used 662813K [0x00000000bff80000, 0x00000000eaa80000, 0x00000000eaa80000)
  object space 699392K, 94% used [0x00000000bff80000,0x00000000e86c7418,0x00000000eaa80000)
 PSPermGen       total 402944K, used 402881K [0x000000009ff80000, 0x00000000b8900000, 0x00000000bff80000)
  object space 402944K, 99% used [0x000000009ff80000,0x00000000b88f0558,0x00000000b8900000)
Event: 185,553 GC heap after
Heap after GC invocations=92 (full 0):
 PSYoungGen      total 337920K, used 337904K [0x00000000eaa80000, 0x0000000100000000, 0x0000000100000000)
  eden space 326656K, 100% used [0x00000000eaa80000,0x00000000fe980000,0x00000000fe980000)
  from space 11264K, 99% used [0x00000000fe980000,0x00000000ff47c010,0x00000000ff480000)
  to   space 11776K, 100% used [0x00000000ff480000,0x0000000100000000,0x0000000100000000)
 ParOldGen       total 699392K, used 699390K [0x00000000bff80000, 0x00000000eaa80000, 0x00000000eaa80000)
  object space 699392K, 99% used [0x00000000bff80000,0x00000000eaa7f9d0,0x00000000eaa80000)
 PSPermGen       total 402944K, used 402881K [0x000000009ff80000, 0x00000000b8900000, 0x00000000bff80000)
  object space 402944K, 99% used [0x000000009ff80000,0x00000000b88f0558,0x00000000b8900000)
}
Event: 185,553 GC heap before
{Heap before GC invocations=93 (full 1):
 PSYoungGen      total 337920K, used 337904K [0x00000000eaa80000, 0x0000000100000000, 0x0000000100000000)
  eden space 326656K, 100% used [0x00000000eaa80000,0x00000000fe980000,0x00000000fe980000)
  from space 11264K, 99% used [0x00000000fe980000,0x00000000ff47c010,0x00000000ff480000)
  to   space 11776K, 100% used [0x00000000ff480000,0x0000000100000000,0x0000000100000000)
 ParOldGen       total 699392K, used 699390K [0x00000000bff80000, 0x00000000eaa80000, 0x00000000eaa80000)
  object space 699392K, 99% used [0x00000000bff80000,0x00000000eaa7f9d0,0x00000000eaa80000)
 PSPermGen       total 402944K, used 402881K [0x000000009ff80000, 0x00000000b8900000, 0x00000000bff80000)
  object space 402944K, 99% used [0x000000009ff80000,0x00000000b88f0558,0x00000000b8900000)

