# JRE version: Java(TM) SE Runtime Environment (7.0_80-b15) (build 1.7.0_80-b15)
# Java VM: Java HotSpot(TM) 64-Bit Server VM (24.80-b11 mixed mode linux-amd64 compressed oops)
Heap
 PSYoungGen      total 177152K, used 177139K [0x00000000eaa80000, 0x0000000100000000, 0x0000000100000000)
  eden space 133632K, 100% used [0x00000000eaa80000,0x00000000f2d00000,0x00000000f2d00000)
  from space 43520K, 99% used [0x00000000fd580000,0x00000000ffffcc68,0x0000000100000000)
  to   space 108032K, 34% used [0x00000000f2d00000,0x00000000f51a2cb0,0x00000000f9680000)
 ParOldGen       total 699392K, used 131276K [0x00000000bff80000, 0x00000000eaa80000, 0x00000000eaa80000)
  object space 699392K, 18% used [0x00000000bff80000,0x00000000c7fb3260,0x00000000eaa80000)
 PSPermGen       total 80896K, used 80799K [0x000000009ff80000, 0x00000000a4e80000, 0x00000000bff80000)
  object space 80896K, 99% used [0x000000009ff80000,0x00000000a4e67e08,0x00000000a4e80000)
GC Heap History (10 events):
Event: 3,495 GC heap after
Heap after GC invocations=2 (full 0):
 PSYoungGen      total 306176K, used 43506K [0x00000000eaa80000, 0x0000000100000000, 0x0000000100000000)
  eden space 262656K, 0% used [0x00000000eaa80000,0x00000000eaa80000,0x00000000fab00000)
  from space 43520K, 99% used [0x00000000fd580000,0x00000000ffffc820,0x0000000100000000)
  to   space 43520K, 0% used [0x00000000fab00000,0x00000000fab00000,0x00000000fd580000)
 ParOldGen       total 699392K, used 5946K [0x00000000bff80000, 0x00000000eaa80000, 0x00000000eaa80000)
  object space 699392K, 0% used [0x00000000bff80000,0x00000000c054ea18,0x00000000eaa80000)
 PSPermGen       total 45056K, used 44644K [0x000000009ff80000, 0x00000000a2b80000, 0x00000000bff80000)
  object space 45056K, 99% used [0x000000009ff80000,0x00000000a2b19208,0x00000000a2b80000)
}
Event: 4,977 GC heap before
{Heap before GC invocations=3 (full 0):
 PSYoungGen      total 306176K, used 306162K [0x00000000eaa80000, 0x0000000100000000, 0x0000000100000000)
  eden space 262656K, 100% used [0x00000000eaa80000,0x00000000fab00000,0x00000000fab00000)
  from space 43520K, 99% used [0x00000000fd580000,0x00000000ffffc820,0x0000000100000000)
  to   space 43520K, 0% used [0x00000000fab00000,0x00000000fab00000,0x00000000fd580000)
 ParOldGen       total 699392K, used 5946K [0x00000000bff80000, 0x00000000eaa80000, 0x00000000eaa80000)
  object space 699392K, 0% used [0x00000000bff80000,0x00000000c054ea18,0x00000000eaa80000)
 PSPermGen       total 50688K, used 50346K [0x000000009ff80000, 0x00000000a3100000, 0x00000000bff80000)
  object space 50688K, 99% used [0x000000009ff80000,0x00000000a30aabe0,0x00000000a3100000)
Event: 5,058 GC heap after
Heap after GC invocations=3 (full 0):
 PSYoungGen      total 306176K, used 43515K [0x00000000eaa80000, 0x0000000100000000, 0x0000000100000000)
  eden space 262656K, 0% used [0x00000000eaa80000,0x00000000eaa80000,0x00000000fab00000)
  from space 43520K, 99% used [0x00000000fab00000,0x00000000fd57ec78,0x00000000fd580000)
  to   space 43520K, 0% used [0x00000000fd580000,0x00000000fd580000,0x0000000100000000)
 ParOldGen       total 699392K, used 20898K [0x00000000bff80000, 0x00000000eaa80000, 0x00000000eaa80000)
  object space 699392K, 2% used [0x00000000bff80000,0x00000000c13e8b18,0x00000000eaa80000)
 PSPermGen       total 50688K, used 50346K [0x000000009ff80000, 0x00000000a3100000, 0x00000000bff80000)
  object space 50688K, 99% used [0x000000009ff80000,0x00000000a30aabe0,0x00000000a3100000)
}
Event: 5,578 GC heap before
{Heap before GC invocations=4 (full 0):
 PSYoungGen      total 306176K, used 306171K [0x00000000eaa80000, 0x0000000100000000, 0x0000000100000000)
  eden space 262656K, 100% used [0x00000000eaa80000,0x00000000fab00000,0x00000000fab00000)
  from space 43520K, 99% used [0x00000000fab00000,0x00000000fd57ec78,0x00000000fd580000)
  to   space 43520K, 0% used [0x00000000fd580000,0x00000000fd580000,0x0000000100000000)
 ParOldGen       total 699392K, used 20909K [0x00000000bff80000, 0x00000000eaa80000, 0x00000000eaa80000)
  object space 699392K, 2% used [0x00000000bff80000,0x00000000c13eb708,0x00000000eaa80000)
 PSPermGen       total 53248K, used 52980K [0x000000009ff80000, 0x00000000a3380000, 0x00000000bff80000)
  object space 53248K, 99% used [0x000000009ff80000,0x00000000a333d3d0,0x00000000a3380000)
Event: 5,649 GC heap after
Heap after GC invocations=4 (full 0):
 PSYoungGen      total 306176K, used 43494K [0x00000000eaa80000, 0x0000000100000000, 0x0000000100000000)
  eden space 262656K, 0% used [0x00000000eaa80000,0x00000000eaa80000,0x00000000fab00000)
  from space 43520K, 99% used [0x00000000fd580000,0x00000000ffff99e8,0x0000000100000000)
  to   space 43520K, 0% used [0x00000000fab00000,0x00000000fab00000,0x00000000fd580000)
 ParOldGen       total 699392K, used 43782K [0x00000000bff80000, 0x00000000eaa80000, 0x00000000eaa80000)
  object space 699392K, 6% used [0x00000000bff80000,0x00000000c2a41b10,0x00000000eaa80000)
 PSPermGen       total 53248K, used 52980K [0x000000009ff80000, 0x00000000a3380000, 0x00000000bff80000)
  object space 53248K, 99% used [0x000000009ff80000,0x00000000a333d3d0,0x00000000a3380000)
}
Event: 6,189 GC heap before
{Heap before GC invocations=5 (full 0):
 PSYoungGen      total 306176K, used 306150K [0x00000000eaa80000, 0x0000000100000000, 0x0000000100000000)
  eden space 262656K, 100% used [0x00000000eaa80000,0x00000000fab00000,0x00000000fab00000)
  from space 43520K, 99% used [0x00000000fd580000,0x00000000ffff99e8,0x0000000100000000)
  to   space 43520K, 0% used [0x00000000fab00000,0x00000000fab00000,0x00000000fd580000)
 ParOldGen       total 699392K, used 43785K [0x00000000bff80000, 0x00000000eaa80000, 0x00000000eaa80000)
  object space 699392K, 6% used [0x00000000bff80000,0x00000000c2a42648,0x00000000eaa80000)
 PSPermGen       total 55808K, used 55638K [0x000000009ff80000, 0x00000000a3600000, 0x00000000bff80000)
  object space 55808K, 99% used [0x000000009ff80000,0x00000000a35d5928,0x00000000a3600000)
Event: 6,249 GC heap after
Heap after GC invocations=5 (full 0):
 PSYoungGen      total 306176K, used 43512K [0x00000000eaa80000, 0x0000000100000000, 0x0000000100000000)
  eden space 262656K, 0% used [0x00000000eaa80000,0x00000000eaa80000,0x00000000fab00000)
  from space 43520K, 99% used [0x00000000fab00000,0x00000000fd57e3d0,0x00000000fd580000)
  to   space 43520K, 0% used [0x00000000fd580000,0x00000000fd580000,0x0000000100000000)
 ParOldGen       total 699392K, used 76433K [0x00000000bff80000, 0x00000000eaa80000, 0x00000000eaa80000)
  object space 699392K, 10% used [0x00000000bff80000,0x00000000c4a245d0,0x00000000eaa80000)
 PSPermGen       total 55808K, used 55638K [0x000000009ff80000, 0x00000000a3600000, 0x00000000bff80000)
  object space 55808K, 99% used [0x000000009ff80000,0x00000000a35d5928,0x00000000a3600000)
}
Event: 7,443 GC heap before
{Heap before GC invocations=6 (full 0):
 PSYoungGen      total 306176K, used 306168K [0x00000000eaa80000, 0x0000000100000000, 0x0000000100000000)
  eden space 262656K, 100% used [0x00000000eaa80000,0x00000000fab00000,0x00000000fab00000)
  from space 43520K, 99% used [0x00000000fab00000,0x00000000fd57e3d0,0x00000000fd580000)
  to   space 43520K, 0% used [0x00000000fd580000,0x00000000fd580000,0x0000000100000000)
 ParOldGen       total 699392K, used 76433K [0x00000000bff80000, 0x00000000eaa80000, 0x00000000eaa80000)
  object space 699392K, 10% used [0x00000000bff80000,0x00000000c4a245d0,0x00000000eaa80000)
 PSPermGen       total 74240K, used 74112K [0x000000009ff80000, 0x00000000a4800000, 0x00000000bff80000)
  object space 74240K, 99% used [0x000000009ff80000,0x00000000a47e0140,0x00000000a4800000)
Event: 7,506 GC heap after
Heap after GC invocations=6 (full 0):
 PSYoungGen      total 177152K, used 43507K [0x00000000eaa80000, 0x0000000100000000, 0x0000000100000000)
  eden space 133632K, 0% used [0x00000000eaa80000,0x00000000eaa80000,0x00000000f2d00000)
  from space 43520K, 99% used [0x00000000fd580000,0x00000000ffffcc68,0x0000000100000000)
  to   space 108032K, 0% used [0x00000000f2d00000,0x00000000f2d00000,0x00000000f9680000)
 ParOldGen       total 699392K, used 114992K [0x00000000bff80000, 0x00000000eaa80000, 0x00000000eaa80000)
  object space 699392K, 16% used [0x00000000bff80000,0x00000000c6fcc370,0x00000000eaa80000)
 PSPermGen       total 74240K, used 74112K [0x000000009ff80000, 0x00000000a4800000, 0x00000000bff80000)
  object space 74240K, 99% used [0x000000009ff80000,0x00000000a47e0140,0x00000000a4800000)
}
Event: 8,789 GC heap before
{Heap before GC invocations=7 (full 0):
 PSYoungGen      total 177152K, used 177139K [0x00000000eaa80000, 0x0000000100000000, 0x0000000100000000)
  eden space 133632K, 100% used [0x00000000eaa80000,0x00000000f2d00000,0x00000000f2d00000)
  from space 43520K, 99% used [0x00000000fd580000,0x00000000ffffcc68,0x0000000100000000)
  to   space 108032K, 0% used [0x00000000f2d00000,0x00000000f2d00000,0x00000000f9680000)
 ParOldGen       total 699392K, used 114992K [0x00000000bff80000, 0x00000000eaa80000, 0x00000000eaa80000)
  object space 699392K, 16% used [0x00000000bff80000,0x00000000c6fcc370,0x00000000eaa80000)
 PSPermGen       total 80896K, used 80799K [0x000000009ff80000, 0x00000000a4e80000, 0x00000000bff80000)
  object space 80896K, 99% used [0x000000009ff80000,0x00000000a4e67e08,0x00000000a4e80000)

