# JRE version: Java(TM) SE Runtime Environment (7.0_80-b15) (build 1.7.0_80-b15)
# Java VM: Java HotSpot(TM) 64-Bit Server VM (24.80-b11 mixed mode linux-amd64 compressed oops)
Heap
 PSYoungGen      total 324096K, used 6559K [0x00000000eaa80000, 0x0000000100000000, 0x0000000100000000)
  eden space 299520K, 0% used [0x00000000eaa80000,0x00000000eaa80000,0x00000000fcf00000)
  from space 24576K, 26% used [0x00000000fcf00000,0x00000000fd567fd0,0x00000000fe700000)
  to   space 23040K, 0% used [0x00000000fe980000,0x00000000fe980000,0x0000000100000000)
 ParOldGen       total 699392K, used 686370K [0x00000000bff80000, 0x00000000eaa80000, 0x00000000eaa80000)
  object space 699392K, 98% used [0x00000000bff80000,0x00000000e9dc8940,0x00000000eaa80000)
 PSPermGen       total 408576K, used 408572K [0x000000009ff80000, 0x00000000b8e80000, 0x00000000bff80000)
  object space 408576K, 99% used [0x000000009ff80000,0x00000000b8e7f220,0x00000000b8e80000)
GC Heap History (10 events):
Event: 224,353 GC heap after
Heap after GC invocations=63 (full 0):
 PSYoungGen      total 318464K, used 5498K [0x00000000eaa80000, 0x0000000100000000, 0x0000000100000000)
  eden space 289280K, 0% used [0x00000000eaa80000,0x00000000eaa80000,0x00000000fc500000)
  from space 29184K, 18% used [0x00000000fc500000,0x00000000fca5e868,0x00000000fe180000)
  to   space 28160K, 0% used [0x00000000fe480000,0x00000000fe480000,0x0000000100000000)
 ParOldGen       total 699392K, used 666465K [0x00000000bff80000, 0x00000000eaa80000, 0x00000000eaa80000)
  object space 699392K, 95% used [0x00000000bff80000,0x00000000e8a58668,0x00000000eaa80000)
 PSPermGen       total 399360K, used 399107K [0x000000009ff80000, 0x00000000b8580000, 0x00000000bff80000)
  object space 399360K, 99% used [0x000000009ff80000,0x00000000b8540c38,0x00000000b8580000)
}
Event: 225,069 GC heap before
{Heap before GC invocations=64 (full 0):
 PSYoungGen      total 318464K, used 294778K [0x00000000eaa80000, 0x0000000100000000, 0x0000000100000000)
  eden space 289280K, 100% used [0x00000000eaa80000,0x00000000fc500000,0x00000000fc500000)
  from space 29184K, 18% used [0x00000000fc500000,0x00000000fca5e868,0x00000000fe180000)
  to   space 28160K, 0% used [0x00000000fe480000,0x00000000fe480000,0x0000000100000000)
 ParOldGen       total 699392K, used 666465K [0x00000000bff80000, 0x00000000eaa80000, 0x00000000eaa80000)
  object space 699392K, 95% used [0x00000000bff80000,0x00000000e8a58668,0x00000000eaa80000)
 PSPermGen       total 399360K, used 399197K [0x000000009ff80000, 0x00000000b8580000, 0x00000000bff80000)
  object space 399360K, 99% used [0x000000009ff80000,0x00000000b8557688,0x00000000b8580000)
Event: 225,091 GC heap after
Heap after GC invocations=64 (full 0):
 PSYoungGen      total 323072K, used 5600K [0x00000000eaa80000, 0x0000000100000000, 0x0000000100000000)
  eden space 294912K, 0% used [0x00000000eaa80000,0x00000000eaa80000,0x00000000fca80000)
  from space 28160K, 19% used [0x00000000fe480000,0x00000000fe9f8000,0x0000000100000000)
  to   space 26624K, 0% used [0x00000000fca80000,0x00000000fca80000,0x00000000fe480000)
 ParOldGen       total 699392K, used 669461K [0x00000000bff80000, 0x00000000eaa80000, 0x00000000eaa80000)
  object space 699392K, 95% used [0x00000000bff80000,0x00000000e8d45710,0x00000000eaa80000)
 PSPermGen       total 399360K, used 399197K [0x000000009ff80000, 0x00000000b8580000, 0x00000000bff80000)
  object space 399360K, 99% used [0x000000009ff80000,0x00000000b8557688,0x00000000b8580000)
}
Event: 225,862 GC heap before
{Heap before GC invocations=65 (full 0):
 PSYoungGen      total 323072K, used 300512K [0x00000000eaa80000, 0x0000000100000000, 0x0000000100000000)
  eden space 294912K, 100% used [0x00000000eaa80000,0x00000000fca80000,0x00000000fca80000)
  from space 28160K, 19% used [0x00000000fe480000,0x00000000fe9f8000,0x0000000100000000)
  to   space 26624K, 0% used [0x00000000fca80000,0x00000000fca80000,0x00000000fe480000)
 ParOldGen       total 699392K, used 669461K [0x00000000bff80000, 0x00000000eaa80000, 0x00000000eaa80000)
  object space 699392K, 95% used [0x00000000bff80000,0x00000000e8d45710,0x00000000eaa80000)
 PSPermGen       total 399360K, used 399258K [0x000000009ff80000, 0x00000000b8580000, 0x00000000bff80000)
  object space 399360K, 99% used [0x000000009ff80000,0x00000000b8566b90,0x00000000b8580000)
Event: 225,883 GC heap after
Heap after GC invocations=65 (full 0):
 PSYoungGen      total 321536K, used 5920K [0x00000000eaa80000, 0x0000000100000000, 0x0000000100000000)
  eden space 294912K, 0% used [0x00000000eaa80000,0x00000000eaa80000,0x00000000fca80000)
  from space 26624K, 22% used [0x00000000fca80000,0x00000000fd048000,0x00000000fe480000)
  to   space 25600K, 0% used [0x00000000fe700000,0x00000000fe700000,0x0000000100000000)
 ParOldGen       total 699392K, used 674845K [0x00000000bff80000, 0x00000000eaa80000, 0x00000000eaa80000)
  object space 699392K, 96% used [0x00000000bff80000,0x00000000e9287730,0x00000000eaa80000)
 PSPermGen       total 399360K, used 399258K [0x000000009ff80000, 0x00000000b8580000, 0x00000000bff80000)
  object space 399360K, 99% used [0x000000009ff80000,0x00000000b8566b90,0x00000000b8580000)
}
Event: 226,769 GC heap before
{Heap before GC invocations=66 (full 0):
 PSYoungGen      total 321536K, used 300832K [0x00000000eaa80000, 0x0000000100000000, 0x0000000100000000)
  eden space 294912K, 100% used [0x00000000eaa80000,0x00000000fca80000,0x00000000fca80000)
  from space 26624K, 22% used [0x00000000fca80000,0x00000000fd048000,0x00000000fe480000)
  to   space 25600K, 0% used [0x00000000fe700000,0x00000000fe700000,0x0000000100000000)
 ParOldGen       total 699392K, used 674845K [0x00000000bff80000, 0x00000000eaa80000, 0x00000000eaa80000)
  object space 699392K, 96% used [0x00000000bff80000,0x00000000e9287730,0x00000000eaa80000)
 PSPermGen       total 403968K, used 403582K [0x000000009ff80000, 0x00000000b8a00000, 0x00000000bff80000)
  object space 403968K, 99% used [0x000000009ff80000,0x00000000b899fab8,0x00000000b8a00000)
Event: 226,795 GC heap after
Heap after GC invocations=66 (full 0):
 PSYoungGen      total 325120K, used 9823K [0x00000000eaa80000, 0x0000000100000000, 0x0000000100000000)
  eden space 299520K, 0% used [0x00000000eaa80000,0x00000000eaa80000,0x00000000fcf00000)
  from space 25600K, 38% used [0x00000000fe700000,0x00000000ff097e28,0x0000000100000000)
  to   space 24576K, 0% used [0x00000000fcf00000,0x00000000fcf00000,0x00000000fe700000)
 ParOldGen       total 699392K, used 680469K [0x00000000bff80000, 0x00000000eaa80000, 0x00000000eaa80000)
  object space 699392K, 97% used [0x00000000bff80000,0x00000000e9805730,0x00000000eaa80000)
 PSPermGen       total 403968K, used 403582K [0x000000009ff80000, 0x00000000b8a00000, 0x00000000bff80000)
  object space 403968K, 99% used [0x000000009ff80000,0x00000000b899fab8,0x00000000b8a00000)
}
Event: 227,565 GC heap before
{Heap before GC invocations=67 (full 0):
 PSYoungGen      total 325120K, used 309343K [0x00000000eaa80000, 0x0000000100000000, 0x0000000100000000)
  eden space 299520K, 100% used [0x00000000eaa80000,0x00000000fcf00000,0x00000000fcf00000)
  from space 25600K, 38% used [0x00000000fe700000,0x00000000ff097e28,0x0000000100000000)
  to   space 24576K, 0% used [0x00000000fcf00000,0x00000000fcf00000,0x00000000fe700000)
 ParOldGen       total 699392K, used 680469K [0x00000000bff80000, 0x00000000eaa80000, 0x00000000eaa80000)
  object space 699392K, 97% used [0x00000000bff80000,0x00000000e9805730,0x00000000eaa80000)
 PSPermGen       total 408576K, used 408572K [0x000000009ff80000, 0x00000000b8e80000, 0x00000000bff80000)
  object space 408576K, 99% used [0x000000009ff80000,0x00000000b8e7f220,0x00000000b8e80000)
Event: 227,589 GC heap after
Heap after GC invocations=67 (full 0):
 PSYoungGen      total 324096K, used 6559K [0x00000000eaa80000, 0x0000000100000000, 0x0000000100000000)
  eden space 299520K, 0% used [0x00000000eaa80000,0x00000000eaa80000,0x00000000fcf00000)
  from space 24576K, 26% used [0x00000000fcf00000,0x00000000fd567fd0,0x00000000fe700000)
  to   space 23040K, 0% used [0x00000000fe980000,0x00000000fe980000,0x0000000100000000)
 ParOldGen       total 699392K, used 686370K [0x00000000bff80000, 0x00000000eaa80000, 0x00000000eaa80000)
  object space 699392K, 98% used [0x00000000bff80000,0x00000000e9dc8940,0x00000000eaa80000)
 PSPermGen       total 408576K, used 408572K [0x000000009ff80000, 0x00000000b8e80000, 0x00000000bff80000)
  object space 408576K, 99% used [0x000000009ff80000,0x00000000b8e7f220,0x00000000b8e80000)
}
Event: 227,589 GC heap before
{Heap before GC invocations=68 (full 1):
 PSYoungGen      total 324096K, used 6559K [0x00000000eaa80000, 0x0000000100000000, 0x0000000100000000)
  eden space 299520K, 0% used [0x00000000eaa80000,0x00000000eaa80000,0x00000000fcf00000)
  from space 24576K, 26% used [0x00000000fcf00000,0x00000000fd567fd0,0x00000000fe700000)
  to   space 23040K, 0% used [0x00000000fe980000,0x00000000fe980000,0x0000000100000000)
 ParOldGen       total 699392K, used 686370K [0x00000000bff80000, 0x00000000eaa80000, 0x00000000eaa80000)
  object space 699392K, 98% used [0x00000000bff80000,0x00000000e9dc8940,0x00000000eaa80000)
 PSPermGen       total 408576K, used 408572K [0x000000009ff80000, 0x00000000b8e80000, 0x00000000bff80000)
  object space 408576K, 99% used [0x000000009ff80000,0x00000000b8e7f220,0x00000000b8e80000)

