# JRE version: Java(TM) SE Runtime Environment (7.0_80-b15) (build 1.7.0_80-b15)
# Java VM: Java HotSpot(TM) 64-Bit Server VM (24.80-b11 mixed mode linux-amd64 compressed oops)
Heap
 PSYoungGen      total 185344K, used 185327K [0x00000000eaa80000, 0x0000000100000000, 0x0000000100000000)
  eden space 141824K, 100% used [0x00000000eaa80000,0x00000000f3500000,0x00000000f3500000)
  from space 43520K, 99% used [0x00000000fd580000,0x00000000ffffbd18,0x0000000100000000)
  to   space 103936K, 25% used [0x00000000f3500000,0x00000000f4f08ca8,0x00000000f9a80000)
 ParOldGen       total 699392K, used 133328K [0x00000000bff80000, 0x00000000eaa80000, 0x00000000eaa80000)
  object space 699392K, 19% used [0x00000000bff80000,0x00000000c81b6270,0x00000000eaa80000)
 PSPermGen       total 98304K, used 97798K [0x000000009ff80000, 0x00000000a5f80000, 0x00000000bff80000)
  object space 98304K, 99% used [0x000000009ff80000,0x00000000a5f01b00,0x00000000a5f80000)
GC Heap History (10 events):
Event: 3,474 GC heap after
Heap after GC invocations=2 (full 0):
 PSYoungGen      total 306176K, used 43492K [0x00000000eaa80000, 0x0000000100000000, 0x0000000100000000)
  eden space 262656K, 0% used [0x00000000eaa80000,0x00000000eaa80000,0x00000000fab00000)
  from space 43520K, 99% used [0x00000000fd580000,0x00000000ffff9000,0x0000000100000000)
  to   space 43520K, 0% used [0x00000000fab00000,0x00000000fab00000,0x00000000fd580000)
 ParOldGen       total 699392K, used 4905K [0x00000000bff80000, 0x00000000eaa80000, 0x00000000eaa80000)
  object space 699392K, 0% used [0x00000000bff80000,0x00000000c044a570,0x00000000eaa80000)
 PSPermGen       total 46080K, used 45698K [0x000000009ff80000, 0x00000000a2c80000, 0x00000000bff80000)
  object space 46080K, 99% used [0x000000009ff80000,0x00000000a2c208e0,0x00000000a2c80000)
}
Event: 4,870 GC heap before
{Heap before GC invocations=3 (full 0):
 PSYoungGen      total 306176K, used 306148K [0x00000000eaa80000, 0x0000000100000000, 0x0000000100000000)
  eden space 262656K, 100% used [0x00000000eaa80000,0x00000000fab00000,0x00000000fab00000)
  from space 43520K, 99% used [0x00000000fd580000,0x00000000ffff9000,0x0000000100000000)
  to   space 43520K, 0% used [0x00000000fab00000,0x00000000fab00000,0x00000000fd580000)
 ParOldGen       total 699392K, used 4905K [0x00000000bff80000, 0x00000000eaa80000, 0x00000000eaa80000)
  object space 699392K, 0% used [0x00000000bff80000,0x00000000c044a570,0x00000000eaa80000)
 PSPermGen       total 52736K, used 52268K [0x000000009ff80000, 0x00000000a3300000, 0x00000000bff80000)
  object space 52736K, 99% used [0x000000009ff80000,0x00000000a328b3e0,0x00000000a3300000)
Event: 4,917 GC heap after
Heap after GC invocations=3 (full 0):
 PSYoungGen      total 306176K, used 43506K [0x00000000eaa80000, 0x0000000100000000, 0x0000000100000000)
  eden space 262656K, 0% used [0x00000000eaa80000,0x00000000eaa80000,0x00000000fab00000)
  from space 43520K, 99% used [0x00000000fab00000,0x00000000fd57c998,0x00000000fd580000)
  to   space 43520K, 0% used [0x00000000fd580000,0x00000000fd580000,0x0000000100000000)
 ParOldGen       total 699392K, used 22455K [0x00000000bff80000, 0x00000000eaa80000, 0x00000000eaa80000)
  object space 699392K, 3% used [0x00000000bff80000,0x00000000c156dd88,0x00000000eaa80000)
 PSPermGen       total 52736K, used 52268K [0x000000009ff80000, 0x00000000a3300000, 0x00000000bff80000)
  object space 52736K, 99% used [0x000000009ff80000,0x00000000a328b3e0,0x00000000a3300000)
}
Event: 5,497 GC heap before
{Heap before GC invocations=4 (full 0):
 PSYoungGen      total 306176K, used 306162K [0x00000000eaa80000, 0x0000000100000000, 0x0000000100000000)
  eden space 262656K, 100% used [0x00000000eaa80000,0x00000000fab00000,0x00000000fab00000)
  from space 43520K, 99% used [0x00000000fab00000,0x00000000fd57c998,0x00000000fd580000)
  to   space 43520K, 0% used [0x00000000fd580000,0x00000000fd580000,0x0000000100000000)
 ParOldGen       total 699392K, used 22455K [0x00000000bff80000, 0x00000000eaa80000, 0x00000000eaa80000)
  object space 699392K, 3% used [0x00000000bff80000,0x00000000c156dd88,0x00000000eaa80000)
 PSPermGen       total 54784K, used 54526K [0x000000009ff80000, 0x00000000a3500000, 0x00000000bff80000)
  object space 54784K, 99% used [0x000000009ff80000,0x00000000a34bf938,0x00000000a3500000)
Event: 5,549 GC heap after
Heap after GC invocations=4 (full 0):
 PSYoungGen      total 306176K, used 43504K [0x00000000eaa80000, 0x0000000100000000, 0x0000000100000000)
  eden space 262656K, 0% used [0x00000000eaa80000,0x00000000eaa80000,0x00000000fab00000)
  from space 43520K, 99% used [0x00000000fd580000,0x00000000ffffc330,0x0000000100000000)
  to   space 43520K, 0% used [0x00000000fab00000,0x00000000fab00000,0x00000000fd580000)
 ParOldGen       total 699392K, used 50017K [0x00000000bff80000, 0x00000000eaa80000, 0x00000000eaa80000)
  object space 699392K, 7% used [0x00000000bff80000,0x00000000c30587c8,0x00000000eaa80000)
 PSPermGen       total 54784K, used 54526K [0x000000009ff80000, 0x00000000a3500000, 0x00000000bff80000)
  object space 54784K, 99% used [0x000000009ff80000,0x00000000a34bf938,0x00000000a3500000)
}
Event: 6,734 GC heap before
{Heap before GC invocations=5 (full 0):
 PSYoungGen      total 306176K, used 306160K [0x00000000eaa80000, 0x0000000100000000, 0x0000000100000000)
  eden space 262656K, 100% used [0x00000000eaa80000,0x00000000fab00000,0x00000000fab00000)
  from space 43520K, 99% used [0x00000000fd580000,0x00000000ffffc330,0x0000000100000000)
  to   space 43520K, 0% used [0x00000000fab00000,0x00000000fab00000,0x00000000fd580000)
 ParOldGen       total 699392K, used 50017K [0x00000000bff80000, 0x00000000eaa80000, 0x00000000eaa80000)
  object space 699392K, 7% used [0x00000000bff80000,0x00000000c30587c8,0x00000000eaa80000)
 PSPermGen       total 66048K, used 65605K [0x000000009ff80000, 0x00000000a4000000, 0x00000000bff80000)
  object space 66048K, 99% used [0x000000009ff80000,0x00000000a3f91718,0x00000000a4000000)
Event: 6,786 GC heap after
Heap after GC invocations=5 (full 0):
 PSYoungGen      total 306176K, used 43516K [0x00000000eaa80000, 0x0000000100000000, 0x0000000100000000)
  eden space 262656K, 0% used [0x00000000eaa80000,0x00000000eaa80000,0x00000000fab00000)
  from space 43520K, 99% used [0x00000000fab00000,0x00000000fd57f3e0,0x00000000fd580000)
  to   space 43520K, 0% used [0x00000000fd580000,0x00000000fd580000,0x0000000100000000)
 ParOldGen       total 699392K, used 81135K [0x00000000bff80000, 0x00000000eaa80000, 0x00000000eaa80000)
  object space 699392K, 11% used [0x00000000bff80000,0x00000000c4ebbd38,0x00000000eaa80000)
 PSPermGen       total 66048K, used 65605K [0x000000009ff80000, 0x00000000a4000000, 0x00000000bff80000)
  object space 66048K, 99% used [0x000000009ff80000,0x00000000a3f91718,0x00000000a4000000)
}
Event: 8,393 GC heap before
{Heap before GC invocations=6 (full 0):
 PSYoungGen      total 306176K, used 306172K [0x00000000eaa80000, 0x0000000100000000, 0x0000000100000000)
  eden space 262656K, 100% used [0x00000000eaa80000,0x00000000fab00000,0x00000000fab00000)
  from space 43520K, 99% used [0x00000000fab00000,0x00000000fd57f3e0,0x00000000fd580000)
  to   space 43520K, 0% used [0x00000000fd580000,0x00000000fd580000,0x0000000100000000)
 ParOldGen       total 699392K, used 81135K [0x00000000bff80000, 0x00000000eaa80000, 0x00000000eaa80000)
  object space 699392K, 11% used [0x00000000bff80000,0x00000000c4ebbd38,0x00000000eaa80000)
 PSPermGen       total 85504K, used 85077K [0x000000009ff80000, 0x00000000a5300000, 0x00000000bff80000)
  object space 85504K, 99% used [0x000000009ff80000,0x00000000a5295770,0x00000000a5300000)
Event: 8,459 GC heap after
Heap after GC invocations=6 (full 0):
 PSYoungGen      total 185344K, used 43503K [0x00000000eaa80000, 0x0000000100000000, 0x0000000100000000)
  eden space 141824K, 0% used [0x00000000eaa80000,0x00000000eaa80000,0x00000000f3500000)
  from space 43520K, 99% used [0x00000000fd580000,0x00000000ffffbd18,0x0000000100000000)
  to   space 103936K, 0% used [0x00000000f3500000,0x00000000f3500000,0x00000000f9a80000)
 ParOldGen       total 699392K, used 116266K [0x00000000bff80000, 0x00000000eaa80000, 0x00000000eaa80000)
  object space 699392K, 16% used [0x00000000bff80000,0x00000000c710ab80,0x00000000eaa80000)
 PSPermGen       total 85504K, used 85077K [0x000000009ff80000, 0x00000000a5300000, 0x00000000bff80000)
  object space 85504K, 99% used [0x000000009ff80000,0x00000000a5295770,0x00000000a5300000)
}
Event: 9,908 GC heap before
{Heap before GC invocations=7 (full 0):
 PSYoungGen      total 185344K, used 185327K [0x00000000eaa80000, 0x0000000100000000, 0x0000000100000000)
  eden space 141824K, 100% used [0x00000000eaa80000,0x00000000f3500000,0x00000000f3500000)
  from space 43520K, 99% used [0x00000000fd580000,0x00000000ffffbd18,0x0000000100000000)
  to   space 103936K, 0% used [0x00000000f3500000,0x00000000f3500000,0x00000000f9a80000)
 ParOldGen       total 699392K, used 116266K [0x00000000bff80000, 0x00000000eaa80000, 0x00000000eaa80000)
  object space 699392K, 16% used [0x00000000bff80000,0x00000000c710abd0,0x00000000eaa80000)
 PSPermGen       total 98304K, used 97798K [0x000000009ff80000, 0x00000000a5f80000, 0x00000000bff80000)
  object space 98304K, 99% used [0x000000009ff80000,0x00000000a5f01b00,0x00000000a5f80000)

