# JRE version: Java(TM) SE Runtime Environment (7.0_80-b15) (build 1.7.0_80-b15)
# Java VM: Java HotSpot(TM) 64-Bit Server VM (24.80-b11 mixed mode linux-amd64 compressed oops)
Heap
 PSYoungGen      total 552960K, used 0K [0x00000007d5500000, 0x0000000800000000, 0x0000000800000000)
  eden space 492544K, 0% used [0x00000007d5500000,0x00000007d5500000,0x00000007f3600000)
  from space 60416K, 0% used [0x00000007f3600000,0x00000007f3600000,0x00000007f7100000)
  to   space 105472K, 0% used [0x00000007f9900000,0x00000007f9900000,0x0000000800000000)
 ParOldGen       total 699392K, used 562224K [0x0000000780000000, 0x00000007aab00000, 0x00000007d5500000)
  object space 699392K, 80% used [0x0000000780000000,0x00000007a250c1a8,0x00000007aab00000)
 PSPermGen       total 335872K, used 131005K [0x0000000740000000, 0x0000000754800000, 0x0000000780000000)
  object space 335872K, 39% used [0x0000000740000000,0x0000000747fef4b0,0x0000000754800000)
GC Heap History (10 events):
Event: 88,414 GC heap after
Heap after GC invocations=29 (full 0):
 PSYoungGen      total 613376K, used 36165K [0x00000007d5500000, 0x00000007fff80000, 0x0000000800000000)
  eden space 531968K, 0% used [0x00000007d5500000,0x00000007d5500000,0x00000007f5c80000)
  from space 81408K, 44% used [0x00000007f5c80000,0x00000007f7fd1438,0x00000007fac00000)
  to   space 80384K, 0% used [0x00000007fb100000,0x00000007fb100000,0x00000007fff80000)
 ParOldGen       total 699392K, used 461218K [0x0000000780000000, 0x00000007aab00000, 0x00000007d5500000)
  object space 699392K, 65% used [0x0000000780000000,0x000000079c268ba8,0x00000007aab00000)
 PSPermGen       total 327680K, used 327516K [0x0000000740000000, 0x0000000754000000, 0x0000000780000000)
  object space 327680K, 99% used [0x0000000740000000,0x0000000753fd7348,0x0000000754000000)
}
Event: 90,386 GC heap before
{Heap before GC invocations=30 (full 0):
 PSYoungGen      total 613376K, used 568133K [0x00000007d5500000, 0x00000007fff80000, 0x0000000800000000)
  eden space 531968K, 100% used [0x00000007d5500000,0x00000007f5c80000,0x00000007f5c80000)
  from space 81408K, 44% used [0x00000007f5c80000,0x00000007f7fd1438,0x00000007fac00000)
  to   space 80384K, 0% used [0x00000007fb100000,0x00000007fb100000,0x00000007fff80000)
 ParOldGen       total 699392K, used 461218K [0x0000000780000000, 0x00000007aab00000, 0x00000007d5500000)
  object space 699392K, 65% used [0x0000000780000000,0x000000079c268ba8,0x00000007aab00000)
 PSPermGen       total 330752K, used 330494K [0x0000000740000000, 0x0000000754300000, 0x0000000780000000)
  object space 330752K, 99% used [0x0000000740000000,0x00000007542bf8b0,0x0000000754300000)
Event: 90,648 GC heap after
Heap after GC invocations=30 (full 0):
 PSYoungGen      total 603648K, used 59760K [0x00000007d5500000, 0x0000000800000000, 0x0000000800000000)
  eden space 523264K, 0% used [0x00000007d5500000,0x00000007d5500000,0x00000007f5400000)
  from space 80384K, 74% used [0x00000007fb100000,0x00000007feb5c030,0x00000007fff80000)
  to   space 88064K, 0% used [0x00000007f5400000,0x00000007f5400000,0x00000007faa00000)
 ParOldGen       total 699392K, used 491906K [0x0000000780000000, 0x00000007aab00000, 0x00000007d5500000)
  object space 699392K, 70% used [0x0000000780000000,0x000000079e060b20,0x00000007aab00000)
 PSPermGen       total 330752K, used 330494K [0x0000000740000000, 0x0000000754300000, 0x0000000780000000)
  object space 330752K, 99% used [0x0000000740000000,0x00000007542bf8b0,0x0000000754300000)
}
Event: 94,760 GC heap before
{Heap before GC invocations=31 (full 0):
 PSYoungGen      total 603648K, used 583024K [0x00000007d5500000, 0x0000000800000000, 0x0000000800000000)
  eden space 523264K, 100% used [0x00000007d5500000,0x00000007f5400000,0x00000007f5400000)
  from space 80384K, 74% used [0x00000007fb100000,0x00000007feb5c030,0x00000007fff80000)
  to   space 88064K, 0% used [0x00000007f5400000,0x00000007f5400000,0x00000007faa00000)
 ParOldGen       total 699392K, used 491906K [0x0000000780000000, 0x00000007aab00000, 0x00000007d5500000)
  object space 699392K, 70% used [0x0000000780000000,0x000000079e060b20,0x00000007aab00000)
 PSPermGen       total 332800K, used 332337K [0x0000000740000000, 0x0000000754500000, 0x0000000780000000)
  object space 332800K, 99% used [0x0000000740000000,0x000000075448c5e0,0x0000000754500000)
Event: 95,147 GC heap after
Heap after GC invocations=31 (full 0):
 PSYoungGen      total 589312K, used 65716K [0x00000007d5500000, 0x0000000800000000, 0x0000000800000000)
  eden space 523264K, 0% used [0x00000007d5500000,0x00000007d5500000,0x00000007f5400000)
  from space 66048K, 99% used [0x00000007f5400000,0x00000007f942d250,0x00000007f9480000)
  to   space 96256K, 0% used [0x00000007fa200000,0x00000007fa200000,0x0000000800000000)
 ParOldGen       total 699392K, used 548934K [0x0000000780000000, 0x00000007aab00000, 0x00000007d5500000)
  object space 699392K, 78% used [0x0000000780000000,0x00000007a1811880,0x00000007aab00000)
 PSPermGen       total 332800K, used 332337K [0x0000000740000000, 0x0000000754500000, 0x0000000780000000)
  object space 332800K, 99% used [0x0000000740000000,0x000000075448c5e0,0x0000000754500000)
}
Event: 98,977 GC heap before
{Heap before GC invocations=32 (full 0):
 PSYoungGen      total 589312K, used 588980K [0x00000007d5500000, 0x0000000800000000, 0x0000000800000000)
  eden space 523264K, 100% used [0x00000007d5500000,0x00000007f5400000,0x00000007f5400000)
  from space 66048K, 99% used [0x00000007f5400000,0x00000007f942d250,0x00000007f9480000)
  to   space 96256K, 0% used [0x00000007fa200000,0x00000007fa200000,0x0000000800000000)
 ParOldGen       total 699392K, used 548934K [0x0000000780000000, 0x00000007aab00000, 0x00000007d5500000)
  object space 699392K, 78% used [0x0000000780000000,0x00000007a1811880,0x00000007aab00000)
 PSPermGen       total 334848K, used 334498K [0x0000000740000000, 0x0000000754700000, 0x0000000780000000)
  object space 334848K, 99% used [0x0000000740000000,0x00000007546a8a00,0x0000000754700000)
Event: 100,234 GC heap after
Heap after GC invocations=32 (full 0):
 PSYoungGen      total 588800K, used 68704K [0x00000007d5500000, 0x0000000800000000, 0x0000000800000000)
  eden space 492544K, 0% used [0x00000007d5500000,0x00000007d5500000,0x00000007f3600000)
  from space 96256K, 71% used [0x00000007fa200000,0x00000007fe518000,0x0000000800000000)
  to   space 103424K, 0% used [0x00000007f3600000,0x00000007f3600000,0x00000007f9b00000)
 ParOldGen       total 699392K, used 613054K [0x0000000780000000, 0x00000007aab00000, 0x00000007d5500000)
  object space 699392K, 87% used [0x0000000780000000,0x00000007a56afbb8,0x00000007aab00000)
 PSPermGen       total 334848K, used 334498K [0x0000000740000000, 0x0000000754700000, 0x0000000780000000)
  object space 334848K, 99% used [0x0000000740000000,0x00000007546a8a00,0x0000000754700000)
}
Event: 103,604 GC heap before
{Heap before GC invocations=33 (full 0):
 PSYoungGen      total 588800K, used 561248K [0x00000007d5500000, 0x0000000800000000, 0x0000000800000000)
  eden space 492544K, 100% used [0x00000007d5500000,0x00000007f3600000,0x00000007f3600000)
  from space 96256K, 71% used [0x00000007fa200000,0x00000007fe518000,0x0000000800000000)
  to   space 103424K, 0% used [0x00000007f3600000,0x00000007f3600000,0x00000007f9b00000)
 ParOldGen       total 699392K, used 613054K [0x0000000780000000, 0x00000007aab00000, 0x00000007d5500000)
  object space 699392K, 87% used [0x0000000780000000,0x00000007a56afbb8,0x00000007aab00000)
 PSPermGen       total 335872K, used 335635K [0x0000000740000000, 0x0000000754800000, 0x0000000780000000)
  object space 335872K, 99% used [0x0000000740000000,0x00000007547c4e10,0x0000000754800000)
Event: 104,052 GC heap after
Heap after GC invocations=33 (full 0):
 PSYoungGen      total 552960K, used 60000K [0x00000007d5500000, 0x0000000800000000, 0x0000000800000000)
  eden space 492544K, 0% used [0x00000007d5500000,0x00000007d5500000,0x00000007f3600000)
  from space 60416K, 99% used [0x00000007f3600000,0x00000007f7098000,0x00000007f7100000)
  to   space 105472K, 0% used [0x00000007f9900000,0x00000007f9900000,0x0000000800000000)
 ParOldGen       total 699392K, used 680506K [0x0000000780000000, 0x00000007aab00000, 0x00000007d5500000)
  object space 699392K, 97% used [0x0000000780000000,0x00000007a988e998,0x00000007aab00000)
 PSPermGen       total 335872K, used 335635K [0x0000000740000000, 0x0000000754800000, 0x0000000780000000)
  object space 335872K, 99% used [0x0000000740000000,0x00000007547c4e10,0x0000000754800000)
}
Event: 104,052 GC heap before
{Heap before GC invocations=34 (full 1):
 PSYoungGen      total 552960K, used 60000K [0x00000007d5500000, 0x0000000800000000, 0x0000000800000000)
  eden space 492544K, 0% used [0x00000007d5500000,0x00000007d5500000,0x00000007f3600000)
  from space 60416K, 99% used [0x00000007f3600000,0x00000007f7098000,0x00000007f7100000)
  to   space 105472K, 0% used [0x00000007f9900000,0x00000007f9900000,0x0000000800000000)
 ParOldGen       total 699392K, used 680506K [0x0000000780000000, 0x00000007aab00000, 0x00000007d5500000)
  object space 699392K, 97% used [0x0000000780000000,0x00000007a988e998,0x00000007aab00000)
 PSPermGen       total 335872K, used 335635K [0x0000000740000000, 0x0000000754800000, 0x0000000780000000)
  object space 335872K, 99% used [0x0000000740000000,0x00000007547c4e10,0x0000000754800000)

